
  .   ____          _            __ _ _
 /\\ / ___'_ __ _ _(_)_ __  __ _ \ \ \ \
( ( )\___ | '_ | '_| | '_ \/ _` | \ \ \ \
 \\/  ___)| |_)| | | | | || (_| |  ) ) ) )
  '  |____| .__|_| |_|_| |_\__, | / / / /
 =========|_|==============|___/=/_/_/_/

 :: Spring Boot ::                (v4.0.6)

2026-06-23T20:56:25.944+07:00  INFO 10276 --- [ZestStore] [           main] c.e.zeststore.ZestStoreApplication       : Starting ZestStoreApplication v0.0.1-SNAPSHOT using Java 22.0.2 with PID 10276 (D:\ZEST_Store\ZestStore\target\ZestStore-0.0.1-SNAPSHOT.jar started by DELL in D:\ZEST_Store\ZestStore)
2026-06-23T20:56:25.967+07:00  INFO 10276 --- [ZestStore] [           main] c.e.zeststore.ZestStoreApplication       : No active profile set, falling back to 1 default profile: "default"
2026-06-23T20:56:33.934+07:00  INFO 10276 --- [ZestStore] [           main] .s.d.r.c.RepositoryConfigurationDelegate : Bootstrapping Spring Data JPA repositories in DEFAULT mode.
2026-06-23T20:56:34.272+07:00  INFO 10276 --- [ZestStore] [           main] .s.d.r.c.RepositoryConfigurationDelegate : Finished Spring Data repository scanning in 304 ms. Found 23 JPA repository interfaces.
2026-06-23T20:56:37.310+07:00  INFO 10276 --- [ZestStore] [           main] o.s.boot.tomcat.TomcatWebServer          : Tomcat initialized with port 8080 (http)
2026-06-23T20:56:37.346+07:00  INFO 10276 --- [ZestStore] [           main] o.apache.catalina.core.StandardService   : Starting service [Tomcat]
2026-06-23T20:56:37.348+07:00  INFO 10276 --- [ZestStore] [           main] o.apache.catalina.core.StandardEngine    : Starting Servlet engine: [Apache Tomcat/11.0.21]
2026-06-23T20:56:37.485+07:00  INFO 10276 --- [ZestStore] [           main] b.w.c.s.WebApplicationContextInitializer : Root WebApplicationContext: initialization completed in 11109 ms
2026-06-23T20:56:38.342+07:00  INFO 10276 --- [ZestStore] [           main] org.hibernate.orm.jpa                    : HHH008540: Processing PersistenceUnitInfo [name: default]
2026-06-23T20:56:38.625+07:00  INFO 10276 --- [ZestStore] [           main] org.hibernate.orm.core                   : HHH000001: Hibernate ORM core version 7.2.12.Final
2026-06-23T20:56:40.083+07:00  INFO 10276 --- [ZestStore] [           main] o.s.o.j.p.SpringPersistenceUnitInfo      : No LoadTimeWeaver setup: ignoring JPA class transformer
2026-06-23T20:56:40.182+07:00  INFO 10276 --- [ZestStore] [           main] com.zaxxer.hikari.HikariDataSource       : HikariPool-1 - Starting...
2026-06-23T20:56:41.364+07:00  INFO 10276 --- [ZestStore] [           main] com.zaxxer.hikari.pool.HikariPool        : HikariPool-1 - Added connection ConnectionID:1 ClientConnectionId: f48a8c15-3ecd-47f3-a8b7-b0e26de68b4f
2026-06-23T20:56:41.369+07:00  INFO 10276 --- [ZestStore] [           main] com.zaxxer.hikari.HikariDataSource       : HikariPool-1 - Start completed.
2026-06-23T20:56:41.481+07:00  WARN 10276 --- [ZestStore] [           main] org.hibernate.orm.deprecation            : HHH90000025: SQLServerDialect does not need to be specified explicitly using 'hibernate.dialect' (remove the property setting and it will be selected by default)
2026-06-23T20:56:41.554+07:00  INFO 10276 --- [ZestStore] [           main] org.hibernate.orm.connections.pooling    : HHH10001005: Database info:
	Database JDBC URL [jdbc:sqlserver://localhost\SQLEXPRESS:1433;concatNullYieldsNull=ON;quotedIdentifier=ON;connectRetryInterval=10;connectRetryCount=1;maxResultBuffer=-1;sendTemporalDataTypesAsStringForBulkCopy=true;delayLoadingLobs=true;useFmtOnly=false;vectorTypeSupport=v1;cacheBulkCopyMetadata=false;bulkCopyForBatchInsertAllowEncryptedValueModifications=false;bulkCopyForBatchInsertTableLock=false;bulkCopyForBatchInsertKeepNulls=false;bulkCopyForBatchInsertKeepIdentity=false;bulkCopyForBatchInsertFireTriggers=false;bulkCopyForBatchInsertCheckConstraints=false;bulkCopyForBatchInsertBatchSize=0;useBulkCopyForBatchInsert=false;cancelQueryTimeout=-1;sslProtocol=TLS;calcBigDecimalPrecision=false;useDefaultJaasConfig=false;jaasConfigurationName=SQLJDBCDriver;statementPoolingCacheSize=0;serverPreparedStatementDiscardThreshold=10;enablePrepareOnFirstPreparedStatementCall=false;fips=false;socketTimeout=0;authentication=NotSpecified;authenticationScheme=nativeAuthentication;xopenStates=false;datetimeParameterType=datetime2;sendTimeAsDatetime=true;replication=false;trustStoreType=JKS;trustServerCertificate=true;TransparentNetworkIPResolution=true;iPAddressPreference=IPv4First;serverNameAsACE=false;sendStringParametersAsUnicode=true;selectMethod=direct;responseBuffering=adaptive;queryTimeout=-1;packetSize=8000;multiSubnetFailover=false;loginTimeout=30;lockTimeout=-1;lastUpdateCount=true;useDefaultGSSCredential=false;prepareMethod=prepexec;encrypt=true;disableStatementPooling=true;databaseName=polo_shop;columnEncryptionSetting=Disabled;applicationName=Microsoft JDBC Driver for SQL Server;applicationIntent=readwrite;]
	Database driver: Microsoft JDBC Driver 13.2 for SQL Server
	Database dialect: SQLServerDialect
	Database version: 17.0
	Default catalog/schema: polo_shop/dbo
	Autocommit mode: undefined/unknown
	Isolation level: READ_COMMITTED [default READ_COMMITTED]
	JDBC fetch size: 128
	Pool: DataSourceConnectionProvider
	Minimum pool size: undefined/unknown
	Maximum pool size: undefined/unknown
2026-06-23T20:56:46.866+07:00  INFO 10276 --- [ZestStore] [           main] org.hibernate.orm.core                   : HHH000489: No JTA platform available (set 'hibernate.transaction.jta.platform' to enable JTA platform integration)
2026-06-23T20:56:48.119+07:00  INFO 10276 --- [ZestStore] [           main] j.LocalContainerEntityManagerFactoryBean : Initialized JPA EntityManagerFactory for persistence unit 'default'
2026-06-23T20:56:48.318+07:00  INFO 10276 --- [ZestStore] [           main] o.s.d.j.r.query.QueryEnhancerFactories   : Hibernate is in classpath; If applicable, HQL parser will be used.
2026-06-23T20:56:49.397+07:00 DEBUG 10276 --- [ZestStore] [           main] c.e.z.security.JwtAuthenticationFilter   : Filter 'jwtAuthenticationFilter' configured for use
2026-06-23T20:56:49.633+07:00  INFO 10276 --- [ZestStore] [           main] r$InitializeUserDetailsManagerConfigurer : Global AuthenticationManager configured with UserDetailsService bean with name customUserDetailsService
2026-06-23T20:56:55.440+07:00  INFO 10276 --- [ZestStore] [           main] o.s.b.a.e.web.EndpointLinksResolver      : Exposing 1 endpoint beneath base path '/actuator'
2026-06-23T20:56:55.780+07:00  INFO 10276 --- [ZestStore] [           main] o.s.boot.tomcat.TomcatWebServer          : Tomcat started on port 8080 (http) with context path '/'
2026-06-23T20:56:55.808+07:00  INFO 10276 --- [ZestStore] [           main] c.e.zeststore.ZestStoreApplication       : Started ZestStoreApplication in 33.57 seconds (process running for 35.016)
