[INFO] Scanning for projects...
[INFO] 
[INFO] -----------------------< com.example:ZestStore >------------------------
[INFO] Building ZestStore 0.0.1-SNAPSHOT
[INFO]   from pom.xml
[INFO] --------------------------------[ jar ]---------------------------------
[INFO] 
[INFO] >>> spring-boot:4.0.6:run (default-cli) > test-compile @ ZestStore >>>
[INFO] 
[INFO] --- resources:3.3.1:resources (default-resources) @ ZestStore ---
[INFO] Copying 1 resource from src\main\resources to target\classes
[INFO] Copying 0 resource from src\main\resources to target\classes
[INFO] 
[INFO] --- compiler:3.14.1:compile (default-compile) @ ZestStore ---
[INFO] Nothing to compile - all classes are up to date.
[INFO] 
[INFO] --- resources:3.3.1:testResources (default-testResources) @ ZestStore ---
[INFO] skip non existing resourceDirectory D:\ZEST_Store\ZestStore\src\test\resources
[INFO] 
[INFO] --- compiler:3.14.1:testCompile (default-testCompile) @ ZestStore ---
[INFO] Nothing to compile - all classes are up to date.
[INFO] 
[INFO] <<< spring-boot:4.0.6:run (default-cli) < test-compile @ ZestStore <<<
[INFO] 
[INFO] 
[INFO] --- spring-boot:4.0.6:run (default-cli) @ ZestStore ---
[INFO] Attaching agents: []

  .   ____          _            __ _ _
 /\\ / ___'_ __ _ _(_)_ __  __ _ \ \ \ \
( ( )\___ | '_ | '_| | '_ \/ _` | \ \ \ \
 \\/  ___)| |_)| | | | | || (_| |  ) ) ) )
  '  |____| .__|_| |_|_| |_\__, | / / / /
 =========|_|==============|___/=/_/_/_/

 :: Spring Boot ::                (v4.0.6)

2026-06-22T22:28:45.596+07:00  INFO 24092 --- [ZestStore] [  restartedMain] c.e.zeststore.ZestStoreApplication       : Starting ZestStoreApplication using Java 22.0.2 with PID 24092 (D:\ZEST_Store\ZestStore\target\classes started by DELL in D:\ZEST_Store\ZestStore)
2026-06-22T22:28:45.603+07:00  INFO 24092 --- [ZestStore] [  restartedMain] c.e.zeststore.ZestStoreApplication       : No active profile set, falling back to 1 default profile: "default"
2026-06-22T22:28:45.693+07:00  INFO 24092 --- [ZestStore] [  restartedMain] .e.DevToolsPropertyDefaultsPostProcessor : Devtools property defaults active! Set 'spring.devtools.add-properties' to 'false' to disable
2026-06-22T22:28:45.694+07:00  INFO 24092 --- [ZestStore] [  restartedMain] .e.DevToolsPropertyDefaultsPostProcessor : For additional web related logging consider setting the 'logging.level.web' property to 'DEBUG'
2026-06-22T22:28:47.905+07:00  INFO 24092 --- [ZestStore] [  restartedMain] .s.d.r.c.RepositoryConfigurationDelegate : Bootstrapping Spring Data JPA repositories in DEFAULT mode.
2026-06-22T22:28:48.223+07:00  INFO 24092 --- [ZestStore] [  restartedMain] .s.d.r.c.RepositoryConfigurationDelegate : Finished Spring Data repository scanning in 292 ms. Found 30 JPA repository interfaces.
2026-06-22T22:28:49.763+07:00  INFO 24092 --- [ZestStore] [  restartedMain] o.s.boot.tomcat.TomcatWebServer          : Tomcat initialized with port 8080 (http)
2026-06-22T22:28:49.793+07:00  INFO 24092 --- [ZestStore] [  restartedMain] o.apache.catalina.core.StandardService   : Starting service [Tomcat]
2026-06-22T22:28:49.796+07:00  INFO 24092 --- [ZestStore] [  restartedMain] o.apache.catalina.core.StandardEngine    : Starting Servlet engine: [Apache Tomcat/11.0.21]
2026-06-22T22:28:49.883+07:00  INFO 24092 --- [ZestStore] [  restartedMain] b.w.c.s.WebApplicationContextInitializer : Root WebApplicationContext: initialization completed in 4181 ms
2026-06-22T22:28:50.404+07:00  INFO 24092 --- [ZestStore] [  restartedMain] org.hibernate.orm.jpa                    : HHH008540: Processing PersistenceUnitInfo [name: default]
2026-06-22T22:28:50.504+07:00  INFO 24092 --- [ZestStore] [  restartedMain] org.hibernate.orm.core                   : HHH000001: Hibernate ORM core version 7.2.12.Final
2026-06-22T22:28:51.295+07:00  INFO 24092 --- [ZestStore] [  restartedMain] o.s.o.j.p.SpringPersistenceUnitInfo      : No LoadTimeWeaver setup: ignoring JPA class transformer
2026-06-22T22:28:51.352+07:00  INFO 24092 --- [ZestStore] [  restartedMain] com.zaxxer.hikari.HikariDataSource       : HikariPool-1 - Starting...
2026-06-22T22:28:52.103+07:00  INFO 24092 --- [ZestStore] [  restartedMain] com.zaxxer.hikari.pool.HikariPool        : HikariPool-1 - Added connection ConnectionID:1 ClientConnectionId: 57ae401a-71fe-41fa-9110-42a9088531bb
2026-06-22T22:28:52.103+07:00  INFO 24092 --- [ZestStore] [  restartedMain] com.zaxxer.hikari.HikariDataSource       : HikariPool-1 - Start completed.
2026-06-22T22:28:52.255+07:00  WARN 24092 --- [ZestStore] [  restartedMain] org.hibernate.orm.deprecation            : HHH90000025: SQLServerDialect does not need to be specified explicitly using 'hibernate.dialect' (remove the property setting and it will be selected by default)
2026-06-22T22:28:52.295+07:00  INFO 24092 --- [ZestStore] [  restartedMain] org.hibernate.orm.connections.pooling    : HHH10001005: Database info:
	Database JDBC URL [jdbc:sqlserver://localhost\SQLEXPRESS:1433;concatNullYieldsNull=ON;quotedIdentifier=ON;connectRetryInterval=10;connectRetryCount=1;maxResultBuffer=-1;sendTemporalDataTypesAsStringForBulkCopy=true;delayLoadingLobs=true;useFmtOnly=false;vectorTypeSupport=v1;cacheBulkCopyMetadata=false;bulkCopyForBatchInsertAllowEncryptedValueModifications=false;bulkCopyForBatchInsertTableLock=false;bulkCopyForBatchInsertKeepNulls=false;bulkCopyForBatchInsertKeepIdentity=false;bulkCopyForBatchInsertFireTriggers=false;bulkCopyForBatchInsertCheckConstraints=false;bulkCopyForBatchInsertBatchSize=0;useBulkCopyForBatchInsert=false;cancelQueryTimeout=-1;sslProtocol=TLS;calcBigDecimalPrecision=false;useDefaultJaasConfig=false;jaasConfigurationName=SQLJDBCDriver;statementPoolingCacheSize=0;serverPreparedStatementDiscardThreshold=10;enablePrepareOnFirstPreparedStatementCall=false;fips=false;socketTimeout=0;authentication=NotSpecified;authenticationScheme=nativeAuthentication;xopenStates=false;datetimeParameterType=datetime2;sendTimeAsDatetime=true;replication=false;trustStoreType=JKS;trustServerCertificate=true;TransparentNetworkIPResolution=true;iPAddressPreference=IPv4First;serverNameAsACE=false;sendStringParametersAsUnicode=true;selectMethod=direct;responseBuffering=adaptive;queryTimeout=-1;packetSize=8000;multiSubnetFailover=false;loginTimeout=30;lockTimeout=-1;lastUpdateCount=true;useDefaultGSSCredential=false;prepareMethod=prepexec;encrypt=true;disableStatementPooling=true;databaseName=PoloShopDB;columnEncryptionSetting=Disabled;applicationName=Microsoft JDBC Driver for SQL Server;applicationIntent=readwrite;]
	Database driver: Microsoft JDBC Driver 13.2 for SQL Server
	Database dialect: SQLServerDialect
	Database version: 17.0
	Default catalog/schema: PoloShopDB/dbo
	Autocommit mode: undefined/unknown
	Isolation level: READ_COMMITTED [default READ_COMMITTED]
	JDBC fetch size: 128
	Pool: DataSourceConnectionProvider
	Minimum pool size: undefined/unknown
	Maximum pool size: undefined/unknown
2026-06-22T22:28:56.454+07:00  INFO 24092 --- [ZestStore] [  restartedMain] org.hibernate.orm.core                   : HHH000489: No JTA platform available (set 'hibernate.transaction.jta.platform' to enable JTA platform integration)
2026-06-22T22:28:57.164+07:00  INFO 24092 --- [ZestStore] [  restartedMain] j.LocalContainerEntityManagerFactoryBean : Initialized JPA EntityManagerFactory for persistence unit 'default'
2026-06-22T22:28:57.309+07:00  INFO 24092 --- [ZestStore] [  restartedMain] o.s.d.j.r.query.QueryEnhancerFactories   : Hibernate is in classpath; If applicable, HQL parser will be used.
2026-06-22T22:28:57.894+07:00 DEBUG 24092 --- [ZestStore] [  restartedMain] c.e.z.security.JwtAuthenticationFilter   : Filter 'jwtAuthenticationFilter' configured for use
2026-06-22T22:28:59.225+07:00  INFO 24092 --- [ZestStore] [  restartedMain] r$InitializeUserDetailsManagerConfigurer : Global AuthenticationManager configured with UserDetailsService bean with name customUserDetailsService
2026-06-22T22:29:04.062+07:00  INFO 24092 --- [ZestStore] [  restartedMain] o.s.b.a.e.web.EndpointLinksResolver      : Exposing 1 endpoint beneath base path '/actuator'
2026-06-22T22:29:04.243+07:00  INFO 24092 --- [ZestStore] [  restartedMain] o.s.boot.tomcat.TomcatWebServer          : Tomcat started on port 8080 (http) with context path '/'
2026-06-22T22:29:04.264+07:00  INFO 24092 --- [ZestStore] [  restartedMain] c.e.zeststore.ZestStoreApplication       : Started ZestStoreApplication in 19.487 seconds (process running for 20.188)
Hibernate: 
    select
        tt1_0.ma_thanh_toan,
        tt1_0.ma_don_hang,
        tt1_0.ma_giao_dich,
        tt1_0.nha_cung_cap,
        tt1_0.phuong_thuc,
        tt1_0.so_tien,
        tt1_0.thoi_gian_tao,
        tt1_0.thoi_gian_tt,
        tt1_0.trang_thai_thanh_toan 
    from
        thanh_toan tt1_0 
    where
        tt1_0.trang_thai_thanh_toan=? 
        and tt1_0.thoi_gian_tao<?
Hibernate: 
    select
        pci1_0.id,
        pci1_0.admin_id,
        pci1_0.bien_the_id,
        pci1_0.ngay_tao,
        pci1_0.so_luong 
    from
        pos_cart pci1_0 
    where
        pci1_0.ngay_tao<?
Hibernate: 
    select
        pci1_0.id,
        pci1_0.admin_id,
        pci1_0.bien_the_id,
        pci1_0.ngay_tao,
        pci1_0.so_luong 
    from
        pos_cart pci1_0 
    where
        pci1_0.ngay_tao<?
Hibernate: 
    select
        pci1_0.id,
        pci1_0.admin_id,
        pci1_0.bien_the_id,
        pci1_0.ngay_tao,
        pci1_0.so_luong 
    from
        pos_cart pci1_0 
    where
        pci1_0.ngay_tao<?
Hibernate: 
    select
        pci1_0.id,
        pci1_0.admin_id,
        pci1_0.bien_the_id,
        pci1_0.ngay_tao,
        pci1_0.so_luong 
    from
        pos_cart pci1_0 
    where
        pci1_0.ngay_tao<?
Hibernate: 
    select
        pci1_0.id,
        pci1_0.admin_id,
        pci1_0.bien_the_id,
        pci1_0.ngay_tao,
        pci1_0.so_luong 
    from
        pos_cart pci1_0 
    where
        pci1_0.ngay_tao<?
Hibernate: 
    select
        tt1_0.ma_thanh_toan,
        tt1_0.ma_don_hang,
        tt1_0.ma_giao_dich,
        tt1_0.nha_cung_cap,
        tt1_0.phuong_thuc,
        tt1_0.so_tien,
        tt1_0.thoi_gian_tao,
        tt1_0.thoi_gian_tt,
        tt1_0.trang_thai_thanh_toan 
    from
        thanh_toan tt1_0 
    where
        tt1_0.trang_thai_thanh_toan=? 
        and tt1_0.thoi_gian_tao<?
Hibernate: 
    select
        tt1_0.ma_thanh_toan,
        tt1_0.ma_don_hang,
        tt1_0.ma_giao_dich,
        tt1_0.nha_cung_cap,
        tt1_0.phuong_thuc,
        tt1_0.so_tien,
        tt1_0.thoi_gian_tao,
        tt1_0.thoi_gian_tt,
        tt1_0.trang_thai_thanh_toan 
    from
        thanh_toan tt1_0 
    where
        tt1_0.ma_don_hang=?
Hibernate: 
    select
        dh1_0.ma_don_hang,
        dh1_0.dia_chi_giao_hang,
        dh1_0.ghi_chu,
        hd1_0.ma_hoa_don,
        hd1_0.ma_don_hang,
        hd1_0.email_khach_hang,
        hd1_0.ma_hoa_don_code,
        hd1_0.ngay_tao,
        hd1_0.tong_tien,
        hd1_0.trang_thai_hoa_don,
        hd1_0.url_pdf_hoa_don,
        dh1_0.loai_don_hang,
        dh1_0.ma_don_hang_code,
        dh1_0.ngay_cap_nhat,
        dh1_0.ngay_dat,
        dh1_0.ngay_xoa,
        dh1_0.ma_nguoi_dung,
        dh1_0.phi_van_chuyen,
        dh1_0.ma_phieu_giam_gia,
        dh1_0.sdt_nguoi_nhan,
        dh1_0.so_tien_giam,
        dh1_0.ten_nguoi_nhan,
        dh1_0.tong_tien,
        dh1_0.trang_thai_don 
    from
        don_hang dh1_0 
    left join
        hoa_don hd1_0 
            on dh1_0.ma_don_hang=hd1_0.ma_don_hang 
    where
        dh1_0.ma_don_hang=?
Hibernate: 
    update
        thanh_toan 
    set
        ma_don_hang=?,
        ma_giao_dich=?,
        nha_cung_cap=?,
        phuong_thuc=?,
        so_tien=?,
        thoi_gian_tao=?,
        thoi_gian_tt=?,
        trang_thai_thanh_toan=? 
    where
        ma_thanh_toan=?
Hibernate: 
    select
        pci1_0.id,
        pci1_0.admin_id,
        pci1_0.bien_the_id,
        pci1_0.ngay_tao,
        pci1_0.so_luong 
    from
        pos_cart pci1_0 
    where
        pci1_0.ngay_tao<?
Hibernate: 
    select
        pci1_0.id,
        pci1_0.admin_id,
        pci1_0.bien_the_id,
        pci1_0.ngay_tao,
        pci1_0.so_luong 
    from
        pos_cart pci1_0 
    where
        pci1_0.ngay_tao<?
Hibernate: 
    select
        pci1_0.id,
        pci1_0.admin_id,
        pci1_0.bien_the_id,
        pci1_0.ngay_tao,
        pci1_0.so_luong 
    from
        pos_cart pci1_0 
    where
        pci1_0.ngay_tao<?
Hibernate: 
    select
        pci1_0.id,
        pci1_0.admin_id,
        pci1_0.bien_the_id,
        pci1_0.ngay_tao,
        pci1_0.so_luong 
    from
        pos_cart pci1_0 
    where
        pci1_0.ngay_tao<?
Hibernate: 
    select
        pci1_0.id,
        pci1_0.admin_id,
        pci1_0.bien_the_id,
        pci1_0.ngay_tao,
        pci1_0.so_luong 
    from
        pos_cart pci1_0 
    where
        pci1_0.ngay_tao<?
Hibernate: 
    select
        tt1_0.ma_thanh_toan,
        tt1_0.ma_don_hang,
        tt1_0.ma_giao_dich,
        tt1_0.nha_cung_cap,
        tt1_0.phuong_thuc,
        tt1_0.so_tien,
        tt1_0.thoi_gian_tao,
        tt1_0.thoi_gian_tt,
        tt1_0.trang_thai_thanh_toan 
    from
        thanh_toan tt1_0 
    where
        tt1_0.trang_thai_thanh_toan=? 
        and tt1_0.thoi_gian_tao<?
Hibernate: 
    select
        tt1_0.ma_thanh_toan,
        tt1_0.ma_don_hang,
        tt1_0.ma_giao_dich,
        tt1_0.nha_cung_cap,
        tt1_0.phuong_thuc,
        tt1_0.so_tien,
        tt1_0.thoi_gian_tao,
        tt1_0.thoi_gian_tt,
        tt1_0.trang_thai_thanh_toan 
    from
        thanh_toan tt1_0 
    where
        tt1_0.ma_don_hang=?
Hibernate: 
    select
        dh1_0.ma_don_hang,
        dh1_0.dia_chi_giao_hang,
        dh1_0.ghi_chu,
        hd1_0.ma_hoa_don,
        hd1_0.ma_don_hang,
        hd1_0.email_khach_hang,
        hd1_0.ma_hoa_don_code,
        hd1_0.ngay_tao,
        hd1_0.tong_tien,
        hd1_0.trang_thai_hoa_don,
        hd1_0.url_pdf_hoa_don,
        dh1_0.loai_don_hang,
        dh1_0.ma_don_hang_code,
        dh1_0.ngay_cap_nhat,
        dh1_0.ngay_dat,
        dh1_0.ngay_xoa,
        dh1_0.ma_nguoi_dung,
        dh1_0.phi_van_chuyen,
        dh1_0.ma_phieu_giam_gia,
        dh1_0.sdt_nguoi_nhan,
        dh1_0.so_tien_giam,
        dh1_0.ten_nguoi_nhan,
        dh1_0.tong_tien,
        dh1_0.trang_thai_don 
    from
        don_hang dh1_0 
    left join
        hoa_don hd1_0 
            on dh1_0.ma_don_hang=hd1_0.ma_don_hang 
    where
        dh1_0.ma_don_hang=?
Hibernate: 
    select
        mdh1_0.ma_muc_don_hang,
        mdh1_0.ma_bien_the,
        mdh1_0.don_gia,
        mdh1_0.ma_don_hang,
        mdh1_0.so_luong,
        mdh1_0.thanh_tien 
    from
        muc_don_hang mdh1_0 
    where
        mdh1_0.ma_don_hang=?
Hibernate: 
    select
        btsp1_0.ma_bien_the,
        btsp1_0.gia,
        btsp1_0.ma_kich_co,
        btsp1_0.ma_mau_sac,
        btsp1_0.ngay_tao,
        btsp1_0.ngay_xoa,
        btsp1_0.ma_san_pham,
        btsp1_0.sku,
        btsp1_0.ma_thuong_hieu,
        btsp1_0.ton_kho,
        btsp1_0.url_anh 
    from
        bien_the_san_pham btsp1_0 
    where
        btsp1_0.ma_bien_the=?
Hibernate: 
    select
        gh1_0.ma_gio_hang,
        gh1_0.ngay_tao,
        gh1_0.ngay_xoa,
        gh1_0.ma_nguoi_dung 
    from
        gio_hang gh1_0 
    where
        gh1_0.ma_nguoi_dung=?
Hibernate: 
    select
        mgh1_0.ma_muc_gio_hang,
        mgh1_0.ma_bien_the,
        mgh1_0.ma_gio_hang,
        mgh1_0.ngay_tao,
        mgh1_0.so_luong 
    from
        muc_gio_hang mgh1_0 
    where
        mgh1_0.ma_gio_hang=?
2026-06-22T22:39:04.340+07:00  INFO 24092 --- [ZestStore] [   scheduling-1] c.e.zeststore.service.ThanhToanService   : Auto-cancelled expired order #25
Hibernate: 
    update
        thanh_toan 
    set
        ma_don_hang=?,
        ma_giao_dich=?,
        nha_cung_cap=?,
        phuong_thuc=?,
        so_tien=?,
        thoi_gian_tao=?,
        thoi_gian_tt=?,
        trang_thai_thanh_toan=? 
    where
        ma_thanh_toan=?
Hibernate: 
    update
        don_hang 
    set
        dia_chi_giao_hang=?,
        ghi_chu=?,
        loai_don_hang=?,
        ma_don_hang_code=?,
        ngay_cap_nhat=?,
        ngay_xoa=?,
        ma_nguoi_dung=?,
        phi_van_chuyen=?,
        ma_phieu_giam_gia=?,
        sdt_nguoi_nhan=?,
        so_tien_giam=?,
        ten_nguoi_nhan=?,
        tong_tien=?,
        trang_thai_don=? 
    where
        ma_don_hang=?
Hibernate: 
    update
        bien_the_san_pham 
    set
        gia=?,
        ma_kich_co=?,
        ma_mau_sac=?,
        ngay_xoa=?,
        ma_san_pham=?,
        sku=?,
        ma_thuong_hieu=?,
        ton_kho=?,
        url_anh=? 
    where
        ma_bien_the=?
Hibernate: 
    select
        pci1_0.id,
        pci1_0.admin_id,
        pci1_0.bien_the_id,
        pci1_0.ngay_tao,
        pci1_0.so_luong 
    from
        pos_cart pci1_0 
    where
        pci1_0.ngay_tao<?
Hibernate: 
    select
        pci1_0.id,
        pci1_0.admin_id,
        pci1_0.bien_the_id,
        pci1_0.ngay_tao,
        pci1_0.so_luong 
    from
        pos_cart pci1_0 
    where
        pci1_0.ngay_tao<?
Hibernate: 
    select
        pci1_0.id,
        pci1_0.admin_id,
        pci1_0.bien_the_id,
        pci1_0.ngay_tao,
        pci1_0.so_luong 
    from
        pos_cart pci1_0 
    where
        pci1_0.ngay_tao<?
Hibernate: 
    select
        pci1_0.id,
        pci1_0.admin_id,
        pci1_0.bien_the_id,
        pci1_0.ngay_tao,
        pci1_0.so_luong 
    from
        pos_cart pci1_0 
    where
        pci1_0.ngay_tao<?
Hibernate: 
    select
        pci1_0.id,
        pci1_0.admin_id,
        pci1_0.bien_the_id,
        pci1_0.ngay_tao,
        pci1_0.so_luong 
    from
        pos_cart pci1_0 
    where
        pci1_0.ngay_tao<?
Hibernate: 
    select
        tt1_0.ma_thanh_toan,
        tt1_0.ma_don_hang,
        tt1_0.ma_giao_dich,
        tt1_0.nha_cung_cap,
        tt1_0.phuong_thuc,
        tt1_0.so_tien,
        tt1_0.thoi_gian_tao,
        tt1_0.thoi_gian_tt,
        tt1_0.trang_thai_thanh_toan 
    from
        thanh_toan tt1_0 
    where
        tt1_0.trang_thai_thanh_toan=? 
        and tt1_0.thoi_gian_tao<?
Hibernate: 
    select
        pci1_0.id,
        pci1_0.admin_id,
        pci1_0.bien_the_id,
        pci1_0.ngay_tao,
        pci1_0.so_luong 
    from
        pos_cart pci1_0 
    where
        pci1_0.ngay_tao<?
Hibernate: 
    select
        pci1_0.id,
        pci1_0.admin_id,
        pci1_0.bien_the_id,
        pci1_0.ngay_tao,
        pci1_0.so_luong 
    from
        pos_cart pci1_0 
    where
        pci1_0.ngay_tao<?
Hibernate: 
    select
        pci1_0.id,
        pci1_0.admin_id,
        pci1_0.bien_the_id,
        pci1_0.ngay_tao,
        pci1_0.so_luong 
    from
        pos_cart pci1_0 
    where
        pci1_0.ngay_tao<?
Hibernate: 
    select
        pci1_0.id,
        pci1_0.admin_id,
        pci1_0.bien_the_id,
        pci1_0.ngay_tao,
        pci1_0.so_luong 
    from
        pos_cart pci1_0 
    where
        pci1_0.ngay_tao<?
Hibernate: 
    select
        pci1_0.id,
        pci1_0.admin_id,
        pci1_0.bien_the_id,
        pci1_0.ngay_tao,
        pci1_0.so_luong 
    from
        pos_cart pci1_0 
    where
        pci1_0.ngay_tao<?
Hibernate: 
    select
        tt1_0.ma_thanh_toan,
        tt1_0.ma_don_hang,
        tt1_0.ma_giao_dich,
        tt1_0.nha_cung_cap,
        tt1_0.phuong_thuc,
        tt1_0.so_tien,
        tt1_0.thoi_gian_tao,
        tt1_0.thoi_gian_tt,
        tt1_0.trang_thai_thanh_toan 
    from
        thanh_toan tt1_0 
    where
        tt1_0.trang_thai_thanh_toan=? 
        and tt1_0.thoi_gian_tao<?
Hibernate: 
    select
        pci1_0.id,
        pci1_0.admin_id,
        pci1_0.bien_the_id,
        pci1_0.ngay_tao,
        pci1_0.so_luong 
    from
        pos_cart pci1_0 
    where
        pci1_0.ngay_tao<?
Hibernate: 
    select
        pci1_0.id,
        pci1_0.admin_id,
        pci1_0.bien_the_id,
        pci1_0.ngay_tao,
        pci1_0.so_luong 
    from
        pos_cart pci1_0 
    where
        pci1_0.ngay_tao<?
Hibernate: 
    select
        pci1_0.id,
        pci1_0.admin_id,
        pci1_0.bien_the_id,
        pci1_0.ngay_tao,
        pci1_0.so_luong 
    from
        pos_cart pci1_0 
    where
        pci1_0.ngay_tao<?
Hibernate: 
    select
        pci1_0.id,
        pci1_0.admin_id,
        pci1_0.bien_the_id,
        pci1_0.ngay_tao,
        pci1_0.so_luong 
    from
        pos_cart pci1_0 
    where
        pci1_0.ngay_tao<?
Hibernate: 
    select
        pci1_0.id,
        pci1_0.admin_id,
        pci1_0.bien_the_id,
        pci1_0.ngay_tao,
        pci1_0.so_luong 
    from
        pos_cart pci1_0 
    where
        pci1_0.ngay_tao<?
Hibernate: 
    select
        tt1_0.ma_thanh_toan,
        tt1_0.ma_don_hang,
        tt1_0.ma_giao_dich,
        tt1_0.nha_cung_cap,
        tt1_0.phuong_thuc,
        tt1_0.so_tien,
        tt1_0.thoi_gian_tao,
        tt1_0.thoi_gian_tt,
        tt1_0.trang_thai_thanh_toan 
    from
        thanh_toan tt1_0 
    where
        tt1_0.trang_thai_thanh_toan=? 
        and tt1_0.thoi_gian_tao<?
Hibernate: 
    select
        pci1_0.id,
        pci1_0.admin_id,
        pci1_0.bien_the_id,
        pci1_0.ngay_tao,
        pci1_0.so_luong 
    from
        pos_cart pci1_0 
    where
        pci1_0.ngay_tao<?
Hibernate: 
    select
        pci1_0.id,
        pci1_0.admin_id,
        pci1_0.bien_the_id,
        pci1_0.ngay_tao,
        pci1_0.so_luong 
    from
        pos_cart pci1_0 
    where
        pci1_0.ngay_tao<?
Hibernate: 
    select
        pci1_0.id,
        pci1_0.admin_id,
        pci1_0.bien_the_id,
        pci1_0.ngay_tao,
        pci1_0.so_luong 
    from
        pos_cart pci1_0 
    where
        pci1_0.ngay_tao<?
Hibernate: 
    select
        pci1_0.id,
        pci1_0.admin_id,
        pci1_0.bien_the_id,
        pci1_0.ngay_tao,
        pci1_0.so_luong 
    from
        pos_cart pci1_0 
    where
        pci1_0.ngay_tao<?
Hibernate: 
    select
        pci1_0.id,
        pci1_0.admin_id,
        pci1_0.bien_the_id,
        pci1_0.ngay_tao,
        pci1_0.so_luong 
    from
        pos_cart pci1_0 
    where
        pci1_0.ngay_tao<?
Hibernate: 
    select
        tt1_0.ma_thanh_toan,
        tt1_0.ma_don_hang,
        tt1_0.ma_giao_dich,
        tt1_0.nha_cung_cap,
        tt1_0.phuong_thuc,
        tt1_0.so_tien,
        tt1_0.thoi_gian_tao,
        tt1_0.thoi_gian_tt,
        tt1_0.trang_thai_thanh_toan 
    from
        thanh_toan tt1_0 
    where
        tt1_0.trang_thai_thanh_toan=? 
        and tt1_0.thoi_gian_tao<?
Hibernate: 
    select
        pci1_0.id,
        pci1_0.admin_id,
        pci1_0.bien_the_id,
        pci1_0.ngay_tao,
        pci1_0.so_luong 
    from
        pos_cart pci1_0 
    where
        pci1_0.ngay_tao<?
Hibernate: 
    select
        pci1_0.id,
        pci1_0.admin_id,
        pci1_0.bien_the_id,
        pci1_0.ngay_tao,
        pci1_0.so_luong 
    from
        pos_cart pci1_0 
    where
        pci1_0.ngay_tao<?
Hibernate: 
    select
        pci1_0.id,
        pci1_0.admin_id,
        pci1_0.bien_the_id,
        pci1_0.ngay_tao,
        pci1_0.so_luong 
    from
        pos_cart pci1_0 
    where
        pci1_0.ngay_tao<?
Hibernate: 
    select
        pci1_0.id,
        pci1_0.admin_id,
        pci1_0.bien_the_id,
        pci1_0.ngay_tao,
        pci1_0.so_luong 
    from
        pos_cart pci1_0 
    where
        pci1_0.ngay_tao<?
Hibernate: 
    select
        pci1_0.id,
        pci1_0.admin_id,
        pci1_0.bien_the_id,
        pci1_0.ngay_tao,
        pci1_0.so_luong 
    from
        pos_cart pci1_0 
    where
        pci1_0.ngay_tao<?
Hibernate: 
    select
        tt1_0.ma_thanh_toan,
        tt1_0.ma_don_hang,
        tt1_0.ma_giao_dich,
        tt1_0.nha_cung_cap,
        tt1_0.phuong_thuc,
        tt1_0.so_tien,
        tt1_0.thoi_gian_tao,
        tt1_0.thoi_gian_tt,
        tt1_0.trang_thai_thanh_toan 
    from
        thanh_toan tt1_0 
    where
        tt1_0.trang_thai_thanh_toan=? 
        and tt1_0.thoi_gian_tao<?
Hibernate: 
    select
        pci1_0.id,
        pci1_0.admin_id,
        pci1_0.bien_the_id,
        pci1_0.ngay_tao,
        pci1_0.so_luong 
    from
        pos_cart pci1_0 
    where
        pci1_0.ngay_tao<?
Hibernate: 
    select
        pci1_0.id,
        pci1_0.admin_id,
        pci1_0.bien_the_id,
        pci1_0.ngay_tao,
        pci1_0.so_luong 
    from
        pos_cart pci1_0 
    where
        pci1_0.ngay_tao<?
Hibernate: 
    select
        pci1_0.id,
        pci1_0.admin_id,
        pci1_0.bien_the_id,
        pci1_0.ngay_tao,
        pci1_0.so_luong 
    from
        pos_cart pci1_0 
    where
        pci1_0.ngay_tao<?
Hibernate: 
    select
        pci1_0.id,
        pci1_0.admin_id,
        pci1_0.bien_the_id,
        pci1_0.ngay_tao,
        pci1_0.so_luong 
    from
        pos_cart pci1_0 
    where
        pci1_0.ngay_tao<?
Hibernate: 
    select
        pci1_0.id,
        pci1_0.admin_id,
        pci1_0.bien_the_id,
        pci1_0.ngay_tao,
        pci1_0.so_luong 
    from
        pos_cart pci1_0 
    where
        pci1_0.ngay_tao<?
Hibernate: 
    select
        tt1_0.ma_thanh_toan,
        tt1_0.ma_don_hang,
        tt1_0.ma_giao_dich,
        tt1_0.nha_cung_cap,
        tt1_0.phuong_thuc,
        tt1_0.so_tien,
        tt1_0.thoi_gian_tao,
        tt1_0.thoi_gian_tt,
        tt1_0.trang_thai_thanh_toan 
    from
        thanh_toan tt1_0 
    where
        tt1_0.trang_thai_thanh_toan=? 
        and tt1_0.thoi_gian_tao<?
Hibernate: 
    select
        pci1_0.id,
        pci1_0.admin_id,
        pci1_0.bien_the_id,
        pci1_0.ngay_tao,
        pci1_0.so_luong 
    from
        pos_cart pci1_0 
    where
        pci1_0.ngay_tao<?
Hibernate: 
    select
        pci1_0.id,
        pci1_0.admin_id,
        pci1_0.bien_the_id,
        pci1_0.ngay_tao,
        pci1_0.so_luong 
    from
        pos_cart pci1_0 
    where
        pci1_0.ngay_tao<?
Hibernate: 
    select
        pci1_0.id,
        pci1_0.admin_id,
        pci1_0.bien_the_id,
        pci1_0.ngay_tao,
        pci1_0.so_luong 
    from
        pos_cart pci1_0 
    where
        pci1_0.ngay_tao<?
Hibernate: 
    select
        pci1_0.id,
        pci1_0.admin_id,
        pci1_0.bien_the_id,
        pci1_0.ngay_tao,
        pci1_0.so_luong 
    from
        pos_cart pci1_0 
    where
        pci1_0.ngay_tao<?
Hibernate: 
    select
        pci1_0.id,
        pci1_0.admin_id,
        pci1_0.bien_the_id,
        pci1_0.ngay_tao,
        pci1_0.so_luong 
    from
        pos_cart pci1_0 
    where
        pci1_0.ngay_tao<?
Hibernate: 
    select
        tt1_0.ma_thanh_toan,
        tt1_0.ma_don_hang,
        tt1_0.ma_giao_dich,
        tt1_0.nha_cung_cap,
        tt1_0.phuong_thuc,
        tt1_0.so_tien,
        tt1_0.thoi_gian_tao,
        tt1_0.thoi_gian_tt,
        tt1_0.trang_thai_thanh_toan 
    from
        thanh_toan tt1_0 
    where
        tt1_0.trang_thai_thanh_toan=? 
        and tt1_0.thoi_gian_tao<?
Hibernate: 
    select
        pci1_0.id,
        pci1_0.admin_id,
        pci1_0.bien_the_id,
        pci1_0.ngay_tao,
        pci1_0.so_luong 
    from
        pos_cart pci1_0 
    where
        pci1_0.ngay_tao<?
Hibernate: 
    select
        pci1_0.id,
        pci1_0.admin_id,
        pci1_0.bien_the_id,
        pci1_0.ngay_tao,
        pci1_0.so_luong 
    from
        pos_cart pci1_0 
    where
        pci1_0.ngay_tao<?
Hibernate: 
    select
        pci1_0.id,
        pci1_0.admin_id,
        pci1_0.bien_the_id,
        pci1_0.ngay_tao,
        pci1_0.so_luong 
    from
        pos_cart pci1_0 
    where
        pci1_0.ngay_tao<?
Hibernate: 
    select
        pci1_0.id,
        pci1_0.admin_id,
        pci1_0.bien_the_id,
        pci1_0.ngay_tao,
        pci1_0.so_luong 
    from
        pos_cart pci1_0 
    where
        pci1_0.ngay_tao<?
Hibernate: 
    select
        pci1_0.id,
        pci1_0.admin_id,
        pci1_0.bien_the_id,
        pci1_0.ngay_tao,
        pci1_0.so_luong 
    from
        pos_cart pci1_0 
    where
        pci1_0.ngay_tao<?
Hibernate: 
    select
        tt1_0.ma_thanh_toan,
        tt1_0.ma_don_hang,
        tt1_0.ma_giao_dich,
        tt1_0.nha_cung_cap,
        tt1_0.phuong_thuc,
        tt1_0.so_tien,
        tt1_0.thoi_gian_tao,
        tt1_0.thoi_gian_tt,
        tt1_0.trang_thai_thanh_toan 
    from
        thanh_toan tt1_0 
    where
        tt1_0.trang_thai_thanh_toan=? 
        and tt1_0.thoi_gian_tao<?
Hibernate: 
    select
        pci1_0.id,
        pci1_0.admin_id,
        pci1_0.bien_the_id,
        pci1_0.ngay_tao,
        pci1_0.so_luong 
    from
        pos_cart pci1_0 
    where
        pci1_0.ngay_tao<?
Hibernate: 
    select
        pci1_0.id,
        pci1_0.admin_id,
        pci1_0.bien_the_id,
        pci1_0.ngay_tao,
        pci1_0.so_luong 
    from
        pos_cart pci1_0 
    where
        pci1_0.ngay_tao<?
Hibernate: 
    select
        pci1_0.id,
        pci1_0.admin_id,
        pci1_0.bien_the_id,
        pci1_0.ngay_tao,
        pci1_0.so_luong 
    from
        pos_cart pci1_0 
    where
        pci1_0.ngay_tao<?
Hibernate: 
    select
        pci1_0.id,
        pci1_0.admin_id,
        pci1_0.bien_the_id,
        pci1_0.ngay_tao,
        pci1_0.so_luong 
    from
        pos_cart pci1_0 
    where
        pci1_0.ngay_tao<?
Hibernate: 
    select
        pci1_0.id,
        pci1_0.admin_id,
        pci1_0.bien_the_id,
        pci1_0.ngay_tao,
        pci1_0.so_luong 
    from
        pos_cart pci1_0 
    where
        pci1_0.ngay_tao<?
Hibernate: 
    select
        tt1_0.ma_thanh_toan,
        tt1_0.ma_don_hang,
        tt1_0.ma_giao_dich,
        tt1_0.nha_cung_cap,
        tt1_0.phuong_thuc,
        tt1_0.so_tien,
        tt1_0.thoi_gian_tao,
        tt1_0.thoi_gian_tt,
        tt1_0.trang_thai_thanh_toan 
    from
        thanh_toan tt1_0 
    where
        tt1_0.trang_thai_thanh_toan=? 
        and tt1_0.thoi_gian_tao<?
Hibernate: 
    select
        pci1_0.id,
        pci1_0.admin_id,
        pci1_0.bien_the_id,
        pci1_0.ngay_tao,
        pci1_0.so_luong 
    from
        pos_cart pci1_0 
    where
        pci1_0.ngay_tao<?
Hibernate: 
    select
        pci1_0.id,
        pci1_0.admin_id,
        pci1_0.bien_the_id,
        pci1_0.ngay_tao,
        pci1_0.so_luong 
    from
        pos_cart pci1_0 
    where
        pci1_0.ngay_tao<?
Hibernate: 
    select
        pci1_0.id,
        pci1_0.admin_id,
        pci1_0.bien_the_id,
        pci1_0.ngay_tao,
        pci1_0.so_luong 
    from
        pos_cart pci1_0 
    where
        pci1_0.ngay_tao<?
Hibernate: 
    select
        pci1_0.id,
        pci1_0.admin_id,
        pci1_0.bien_the_id,
        pci1_0.ngay_tao,
        pci1_0.so_luong 
    from
        pos_cart pci1_0 
    where
        pci1_0.ngay_tao<?
Hibernate: 
    select
        pci1_0.id,
        pci1_0.admin_id,
        pci1_0.bien_the_id,
        pci1_0.ngay_tao,
        pci1_0.so_luong 
    from
        pos_cart pci1_0 
    where
        pci1_0.ngay_tao<?
Hibernate: 
    select
        tt1_0.ma_thanh_toan,
        tt1_0.ma_don_hang,
        tt1_0.ma_giao_dich,
        tt1_0.nha_cung_cap,
        tt1_0.phuong_thuc,
        tt1_0.so_tien,
        tt1_0.thoi_gian_tao,
        tt1_0.thoi_gian_tt,
        tt1_0.trang_thai_thanh_toan 
    from
        thanh_toan tt1_0 
    where
        tt1_0.trang_thai_thanh_toan=? 
        and tt1_0.thoi_gian_tao<?
Hibernate: 
    select
        pci1_0.id,
        pci1_0.admin_id,
        pci1_0.bien_the_id,
        pci1_0.ngay_tao,
        pci1_0.so_luong 
    from
        pos_cart pci1_0 
    where
        pci1_0.ngay_tao<?
2026-06-22T23:42:15.304+07:00  WARN 24092 --- [ZestStore] [l-1:housekeeper] com.zaxxer.hikari.pool.HikariPool        : HikariPool-1 - Thread starvation or clock leap detected (housekeeper delta=12m52s42ms536盜500ns).
Hibernate: 
    select
        pci1_0.id,
        pci1_0.admin_id,
        pci1_0.bien_the_id,
        pci1_0.ngay_tao,
        pci1_0.so_luong 
    from
        pos_cart pci1_0 
    where
        pci1_0.ngay_tao<?
Hibernate: 
    select
        pci1_0.id,
        pci1_0.admin_id,
        pci1_0.bien_the_id,
        pci1_0.ngay_tao,
        pci1_0.so_luong 
    from
        pos_cart pci1_0 
    where
        pci1_0.ngay_tao<?
Hibernate: 
    select
        pci1_0.id,
        pci1_0.admin_id,
        pci1_0.bien_the_id,
        pci1_0.ngay_tao,
        pci1_0.so_luong 
    from
        pos_cart pci1_0 
    where
        pci1_0.ngay_tao<?
Hibernate: 
    select
        pci1_0.id,
        pci1_0.admin_id,
        pci1_0.bien_the_id,
        pci1_0.ngay_tao,
        pci1_0.so_luong 
    from
        pos_cart pci1_0 
    where
        pci1_0.ngay_tao<?
Hibernate: 
    select
        tt1_0.ma_thanh_toan,
        tt1_0.ma_don_hang,
        tt1_0.ma_giao_dich,
        tt1_0.nha_cung_cap,
        tt1_0.phuong_thuc,
        tt1_0.so_tien,
        tt1_0.thoi_gian_tao,
        tt1_0.thoi_gian_tt,
        tt1_0.trang_thai_thanh_toan 
    from
        thanh_toan tt1_0 
    where
        tt1_0.trang_thai_thanh_toan=? 
        and tt1_0.thoi_gian_tao<?
Hibernate: 
    select
        pci1_0.id,
        pci1_0.admin_id,
        pci1_0.bien_the_id,
        pci1_0.ngay_tao,
        pci1_0.so_luong 
    from
        pos_cart pci1_0 
    where
        pci1_0.ngay_tao<?
Hibernate: 
    select
        pci1_0.id,
        pci1_0.admin_id,
        pci1_0.bien_the_id,
        pci1_0.ngay_tao,
        pci1_0.so_luong 
    from
        pos_cart pci1_0 
    where
        pci1_0.ngay_tao<?
Hibernate: 
    select
        pci1_0.id,
        pci1_0.admin_id,
        pci1_0.bien_the_id,
        pci1_0.ngay_tao,
        pci1_0.so_luong 
    from
        pos_cart pci1_0 
    where
        pci1_0.ngay_tao<?
Hibernate: 
    select
        pci1_0.id,
        pci1_0.admin_id,
        pci1_0.bien_the_id,
        pci1_0.ngay_tao,
        pci1_0.so_luong 
    from
        pos_cart pci1_0 
    where
        pci1_0.ngay_tao<?
Hibernate: 
    select
        pci1_0.id,
        pci1_0.admin_id,
        pci1_0.bien_the_id,
        pci1_0.ngay_tao,
        pci1_0.so_luong 
    from
        pos_cart pci1_0 
    where
        pci1_0.ngay_tao<?
Hibernate: 
    select
        tt1_0.ma_thanh_toan,
        tt1_0.ma_don_hang,
        tt1_0.ma_giao_dich,
        tt1_0.nha_cung_cap,
        tt1_0.phuong_thuc,
        tt1_0.so_tien,
        tt1_0.thoi_gian_tao,
        tt1_0.thoi_gian_tt,
        tt1_0.trang_thai_thanh_toan 
    from
        thanh_toan tt1_0 
    where
        tt1_0.trang_thai_thanh_toan=? 
        and tt1_0.thoi_gian_tao<?
Hibernate: 
    select
        pci1_0.id,
        pci1_0.admin_id,
        pci1_0.bien_the_id,
        pci1_0.ngay_tao,
        pci1_0.so_luong 
    from
        pos_cart pci1_0 
    where
        pci1_0.ngay_tao<?
Hibernate: 
    select
        pci1_0.id,
        pci1_0.admin_id,
        pci1_0.bien_the_id,
        pci1_0.ngay_tao,
        pci1_0.so_luong 
    from
        pos_cart pci1_0 
    where
        pci1_0.ngay_tao<?
Hibernate: 
    select
        pci1_0.id,
        pci1_0.admin_id,
        pci1_0.bien_the_id,
        pci1_0.ngay_tao,
        pci1_0.so_luong 
    from
        pos_cart pci1_0 
    where
        pci1_0.ngay_tao<?
Hibernate: 
    select
        pci1_0.id,
        pci1_0.admin_id,
        pci1_0.bien_the_id,
        pci1_0.ngay_tao,
        pci1_0.so_luong 
    from
        pos_cart pci1_0 
    where
        pci1_0.ngay_tao<?
Hibernate: 
    select
        pci1_0.id,
        pci1_0.admin_id,
        pci1_0.bien_the_id,
        pci1_0.ngay_tao,
        pci1_0.so_luong 
    from
        pos_cart pci1_0 
    where
        pci1_0.ngay_tao<?
Hibernate: 
    select
        tt1_0.ma_thanh_toan,
        tt1_0.ma_don_hang,
        tt1_0.ma_giao_dich,
        tt1_0.nha_cung_cap,
        tt1_0.phuong_thuc,
        tt1_0.so_tien,
        tt1_0.thoi_gian_tao,
        tt1_0.thoi_gian_tt,
        tt1_0.trang_thai_thanh_toan 
    from
        thanh_toan tt1_0 
    where
        tt1_0.trang_thai_thanh_toan=? 
        and tt1_0.thoi_gian_tao<?
Hibernate: 
    select
        pci1_0.id,
        pci1_0.admin_id,
        pci1_0.bien_the_id,
        pci1_0.ngay_tao,
        pci1_0.so_luong 
    from
        pos_cart pci1_0 
    where
        pci1_0.ngay_tao<?
Hibernate: 
    select
        pci1_0.id,
        pci1_0.admin_id,
        pci1_0.bien_the_id,
        pci1_0.ngay_tao,
        pci1_0.so_luong 
    from
        pos_cart pci1_0 
    where
        pci1_0.ngay_tao<?
Hibernate: 
    select
        pci1_0.id,
        pci1_0.admin_id,
        pci1_0.bien_the_id,
        pci1_0.ngay_tao,
        pci1_0.so_luong 
    from
        pos_cart pci1_0 
    where
        pci1_0.ngay_tao<?
Hibernate: 
    select
        pci1_0.id,
        pci1_0.admin_id,
        pci1_0.bien_the_id,
        pci1_0.ngay_tao,
        pci1_0.so_luong 
    from
        pos_cart pci1_0 
    where
        pci1_0.ngay_tao<?
Hibernate: 
    select
        pci1_0.id,
        pci1_0.admin_id,
        pci1_0.bien_the_id,
        pci1_0.ngay_tao,
        pci1_0.so_luong 
    from
        pos_cart pci1_0 
    where
        pci1_0.ngay_tao<?
Hibernate: 
    select
        tt1_0.ma_thanh_toan,
        tt1_0.ma_don_hang,
        tt1_0.ma_giao_dich,
        tt1_0.nha_cung_cap,
        tt1_0.phuong_thuc,
        tt1_0.so_tien,
        tt1_0.thoi_gian_tao,
        tt1_0.thoi_gian_tt,
        tt1_0.trang_thai_thanh_toan 
    from
        thanh_toan tt1_0 
    where
        tt1_0.trang_thai_thanh_toan=? 
        and tt1_0.thoi_gian_tao<?
Hibernate: 
    select
        pci1_0.id,
        pci1_0.admin_id,
        pci1_0.bien_the_id,
        pci1_0.ngay_tao,
        pci1_0.so_luong 
    from
        pos_cart pci1_0 
    where
        pci1_0.ngay_tao<?
Hibernate: 
    select
        pci1_0.id,
        pci1_0.admin_id,
        pci1_0.bien_the_id,
        pci1_0.ngay_tao,
        pci1_0.so_luong 
    from
        pos_cart pci1_0 
    where
        pci1_0.ngay_tao<?
Hibernate: 
    select
        pci1_0.id,
        pci1_0.admin_id,
        pci1_0.bien_the_id,
        pci1_0.ngay_tao,
        pci1_0.so_luong 
    from
        pos_cart pci1_0 
    where
        pci1_0.ngay_tao<?
Hibernate: 
    select
        pci1_0.id,
        pci1_0.admin_id,
        pci1_0.bien_the_id,
        pci1_0.ngay_tao,
        pci1_0.so_luong 
    from
        pos_cart pci1_0 
    where
        pci1_0.ngay_tao<?
Hibernate: 
    select
        pci1_0.id,
        pci1_0.admin_id,
        pci1_0.bien_the_id,
        pci1_0.ngay_tao,
        pci1_0.so_luong 
    from
        pos_cart pci1_0 
    where
        pci1_0.ngay_tao<?
Hibernate: 
    select
        tt1_0.ma_thanh_toan,
        tt1_0.ma_don_hang,
        tt1_0.ma_giao_dich,
        tt1_0.nha_cung_cap,
        tt1_0.phuong_thuc,
        tt1_0.so_tien,
        tt1_0.thoi_gian_tao,
        tt1_0.thoi_gian_tt,
        tt1_0.trang_thai_thanh_toan 
    from
        thanh_toan tt1_0 
    where
        tt1_0.trang_thai_thanh_toan=? 
        and tt1_0.thoi_gian_tao<?
Hibernate: 
    select
        pci1_0.id,
        pci1_0.admin_id,
        pci1_0.bien_the_id,
        pci1_0.ngay_tao,
        pci1_0.so_luong 
    from
        pos_cart pci1_0 
    where
        pci1_0.ngay_tao<?
Hibernate: 
    select
        pci1_0.id,
        pci1_0.admin_id,
        pci1_0.bien_the_id,
        pci1_0.ngay_tao,
        pci1_0.so_luong 
    from
        pos_cart pci1_0 
    where
        pci1_0.ngay_tao<?
Hibernate: 
    select
        pci1_0.id,
        pci1_0.admin_id,
        pci1_0.bien_the_id,
        pci1_0.ngay_tao,
        pci1_0.so_luong 
    from
        pos_cart pci1_0 
    where
        pci1_0.ngay_tao<?
Hibernate: 
    select
        pci1_0.id,
        pci1_0.admin_id,
        pci1_0.bien_the_id,
        pci1_0.ngay_tao,
        pci1_0.so_luong 
    from
        pos_cart pci1_0 
    where
        pci1_0.ngay_tao<?
Hibernate: 
    select
        pci1_0.id,
        pci1_0.admin_id,
        pci1_0.bien_the_id,
        pci1_0.ngay_tao,
        pci1_0.so_luong 
    from
        pos_cart pci1_0 
    where
        pci1_0.ngay_tao<?
Hibernate: 
    select
        tt1_0.ma_thanh_toan,
        tt1_0.ma_don_hang,
        tt1_0.ma_giao_dich,
        tt1_0.nha_cung_cap,
        tt1_0.phuong_thuc,
        tt1_0.so_tien,
        tt1_0.thoi_gian_tao,
        tt1_0.thoi_gian_tt,
        tt1_0.trang_thai_thanh_toan 
    from
        thanh_toan tt1_0 
    where
        tt1_0.trang_thai_thanh_toan=? 
        and tt1_0.thoi_gian_tao<?
Hibernate: 
    select
        pci1_0.id,
        pci1_0.admin_id,
        pci1_0.bien_the_id,
        pci1_0.ngay_tao,
        pci1_0.so_luong 
    from
        pos_cart pci1_0 
    where
        pci1_0.ngay_tao<?
Hibernate: 
    select
        pci1_0.id,
        pci1_0.admin_id,
        pci1_0.bien_the_id,
        pci1_0.ngay_tao,
        pci1_0.so_luong 
    from
        pos_cart pci1_0 
    where
        pci1_0.ngay_tao<?
Hibernate: 
    select
        pci1_0.id,
        pci1_0.admin_id,
        pci1_0.bien_the_id,
        pci1_0.ngay_tao,
        pci1_0.so_luong 
    from
        pos_cart pci1_0 
    where
        pci1_0.ngay_tao<?
Hibernate: 
    select
        pci1_0.id,
        pci1_0.admin_id,
        pci1_0.bien_the_id,
        pci1_0.ngay_tao,
        pci1_0.so_luong 
    from
        pos_cart pci1_0 
    where
        pci1_0.ngay_tao<?
Hibernate: 
    select
        pci1_0.id,
        pci1_0.admin_id,
        pci1_0.bien_the_id,
        pci1_0.ngay_tao,
        pci1_0.so_luong 
    from
        pos_cart pci1_0 
    where
        pci1_0.ngay_tao<?
Hibernate: 
    select
        tt1_0.ma_thanh_toan,
        tt1_0.ma_don_hang,
        tt1_0.ma_giao_dich,
        tt1_0.nha_cung_cap,
        tt1_0.phuong_thuc,
        tt1_0.so_tien,
        tt1_0.thoi_gian_tao,
        tt1_0.thoi_gian_tt,
        tt1_0.trang_thai_thanh_toan 
    from
        thanh_toan tt1_0 
    where
        tt1_0.trang_thai_thanh_toan=? 
        and tt1_0.thoi_gian_tao<?
Hibernate: 
    select
        pci1_0.id,
        pci1_0.admin_id,
        pci1_0.bien_the_id,
        pci1_0.ngay_tao,
        pci1_0.so_luong 
    from
        pos_cart pci1_0 
    where
        pci1_0.ngay_tao<?
Hibernate: 
    select
        pci1_0.id,
        pci1_0.admin_id,
        pci1_0.bien_the_id,
        pci1_0.ngay_tao,
        pci1_0.so_luong 
    from
        pos_cart pci1_0 
    where
        pci1_0.ngay_tao<?
Hibernate: 
    select
        pci1_0.id,
        pci1_0.admin_id,
        pci1_0.bien_the_id,
        pci1_0.ngay_tao,
        pci1_0.so_luong 
    from
        pos_cart pci1_0 
    where
        pci1_0.ngay_tao<?
Hibernate: 
    select
        pci1_0.id,
        pci1_0.admin_id,
        pci1_0.bien_the_id,
        pci1_0.ngay_tao,
        pci1_0.so_luong 
    from
        pos_cart pci1_0 
    where
        pci1_0.ngay_tao<?
Hibernate: 
    select
        pci1_0.id,
        pci1_0.admin_id,
        pci1_0.bien_the_id,
        pci1_0.ngay_tao,
        pci1_0.so_luong 
    from
        pos_cart pci1_0 
    where
        pci1_0.ngay_tao<?
Hibernate: 
    select
        tt1_0.ma_thanh_toan,
        tt1_0.ma_don_hang,
        tt1_0.ma_giao_dich,
        tt1_0.nha_cung_cap,
        tt1_0.phuong_thuc,
        tt1_0.so_tien,
        tt1_0.thoi_gian_tao,
        tt1_0.thoi_gian_tt,
        tt1_0.trang_thai_thanh_toan 
    from
        thanh_toan tt1_0 
    where
        tt1_0.trang_thai_thanh_toan=? 
        and tt1_0.thoi_gian_tao<?
Hibernate: 
    select
        pci1_0.id,
        pci1_0.admin_id,
        pci1_0.bien_the_id,
        pci1_0.ngay_tao,
        pci1_0.so_luong 
    from
        pos_cart pci1_0 
    where
        pci1_0.ngay_tao<?
Hibernate: 
    select
        pci1_0.id,
        pci1_0.admin_id,
        pci1_0.bien_the_id,
        pci1_0.ngay_tao,
        pci1_0.so_luong 
    from
        pos_cart pci1_0 
    where
        pci1_0.ngay_tao<?
Hibernate: 
    select
        pci1_0.id,
        pci1_0.admin_id,
        pci1_0.bien_the_id,
        pci1_0.ngay_tao,
        pci1_0.so_luong 
    from
        pos_cart pci1_0 
    where
        pci1_0.ngay_tao<?
Hibernate: 
    select
        pci1_0.id,
        pci1_0.admin_id,
        pci1_0.bien_the_id,
        pci1_0.ngay_tao,
        pci1_0.so_luong 
    from
        pos_cart pci1_0 
    where
        pci1_0.ngay_tao<?
Hibernate: 
    select
        pci1_0.id,
        pci1_0.admin_id,
        pci1_0.bien_the_id,
        pci1_0.ngay_tao,
        pci1_0.so_luong 
    from
        pos_cart pci1_0 
    where
        pci1_0.ngay_tao<?
Hibernate: 
    select
        tt1_0.ma_thanh_toan,
        tt1_0.ma_don_hang,
        tt1_0.ma_giao_dich,
        tt1_0.nha_cung_cap,
        tt1_0.phuong_thuc,
        tt1_0.so_tien,
        tt1_0.thoi_gian_tao,
        tt1_0.thoi_gian_tt,
        tt1_0.trang_thai_thanh_toan 
    from
        thanh_toan tt1_0 
    where
        tt1_0.trang_thai_thanh_toan=? 
        and tt1_0.thoi_gian_tao<?
Hibernate: 
    select
        pci1_0.id,
        pci1_0.admin_id,
        pci1_0.bien_the_id,
        pci1_0.ngay_tao,
        pci1_0.so_luong 
    from
        pos_cart pci1_0 
    where
        pci1_0.ngay_tao<?
Hibernate: 
    select
        pci1_0.id,
        pci1_0.admin_id,
        pci1_0.bien_the_id,
        pci1_0.ngay_tao,
        pci1_0.so_luong 
    from
        pos_cart pci1_0 
    where
        pci1_0.ngay_tao<?
Hibernate: 
    select
        pci1_0.id,
        pci1_0.admin_id,
        pci1_0.bien_the_id,
        pci1_0.ngay_tao,
        pci1_0.so_luong 
    from
        pos_cart pci1_0 
    where
        pci1_0.ngay_tao<?
Hibernate: 
    select
        pci1_0.id,
        pci1_0.admin_id,
        pci1_0.bien_the_id,
        pci1_0.ngay_tao,
        pci1_0.so_luong 
    from
        pos_cart pci1_0 
    where
        pci1_0.ngay_tao<?
Hibernate: 
    select
        pci1_0.id,
        pci1_0.admin_id,
        pci1_0.bien_the_id,
        pci1_0.ngay_tao,
        pci1_0.so_luong 
    from
        pos_cart pci1_0 
    where
        pci1_0.ngay_tao<?
Hibernate: 
    select
        tt1_0.ma_thanh_toan,
        tt1_0.ma_don_hang,
        tt1_0.ma_giao_dich,
        tt1_0.nha_cung_cap,
        tt1_0.phuong_thuc,
        tt1_0.so_tien,
        tt1_0.thoi_gian_tao,
        tt1_0.thoi_gian_tt,
        tt1_0.trang_thai_thanh_toan 
    from
        thanh_toan tt1_0 
    where
        tt1_0.trang_thai_thanh_toan=? 
        and tt1_0.thoi_gian_tao<?
Hibernate: 
    select
        pci1_0.id,
        pci1_0.admin_id,
        pci1_0.bien_the_id,
        pci1_0.ngay_tao,
        pci1_0.so_luong 
    from
        pos_cart pci1_0 
    where
        pci1_0.ngay_tao<?
Hibernate: 
    select
        pci1_0.id,
        pci1_0.admin_id,
        pci1_0.bien_the_id,
        pci1_0.ngay_tao,
        pci1_0.so_luong 
    from
        pos_cart pci1_0 
    where
        pci1_0.ngay_tao<?
Hibernate: 
    select
        pci1_0.id,
        pci1_0.admin_id,
        pci1_0.bien_the_id,
        pci1_0.ngay_tao,
        pci1_0.so_luong 
    from
        pos_cart pci1_0 
    where
        pci1_0.ngay_tao<?
Hibernate: 
    select
        pci1_0.id,
        pci1_0.admin_id,
        pci1_0.bien_the_id,
        pci1_0.ngay_tao,
        pci1_0.so_luong 
    from
        pos_cart pci1_0 
    where
        pci1_0.ngay_tao<?
Hibernate: 
    select
        pci1_0.id,
        pci1_0.admin_id,
        pci1_0.bien_the_id,
        pci1_0.ngay_tao,
        pci1_0.so_luong 
    from
        pos_cart pci1_0 
    where
        pci1_0.ngay_tao<?
Hibernate: 
    select
        tt1_0.ma_thanh_toan,
        tt1_0.ma_don_hang,
        tt1_0.ma_giao_dich,
        tt1_0.nha_cung_cap,
        tt1_0.phuong_thuc,
        tt1_0.so_tien,
        tt1_0.thoi_gian_tao,
        tt1_0.thoi_gian_tt,
        tt1_0.trang_thai_thanh_toan 
    from
        thanh_toan tt1_0 
    where
        tt1_0.trang_thai_thanh_toan=? 
        and tt1_0.thoi_gian_tao<?
Hibernate: 
    select
        pci1_0.id,
        pci1_0.admin_id,
        pci1_0.bien_the_id,
        pci1_0.ngay_tao,
        pci1_0.so_luong 
    from
        pos_cart pci1_0 
    where
        pci1_0.ngay_tao<?
Hibernate: 
    select
        pci1_0.id,
        pci1_0.admin_id,
        pci1_0.bien_the_id,
        pci1_0.ngay_tao,
        pci1_0.so_luong 
    from
        pos_cart pci1_0 
    where
        pci1_0.ngay_tao<?
Hibernate: 
    select
        pci1_0.id,
        pci1_0.admin_id,
        pci1_0.bien_the_id,
        pci1_0.ngay_tao,
        pci1_0.so_luong 
    from
        pos_cart pci1_0 
    where
        pci1_0.ngay_tao<?
Hibernate: 
    select
        pci1_0.id,
        pci1_0.admin_id,
        pci1_0.bien_the_id,
        pci1_0.ngay_tao,
        pci1_0.so_luong 
    from
        pos_cart pci1_0 
    where
        pci1_0.ngay_tao<?
Hibernate: 
    select
        pci1_0.id,
        pci1_0.admin_id,
        pci1_0.bien_the_id,
        pci1_0.ngay_tao,
        pci1_0.so_luong 
    from
        pos_cart pci1_0 
    where
        pci1_0.ngay_tao<?
Hibernate: 
    select
        tt1_0.ma_thanh_toan,
        tt1_0.ma_don_hang,
        tt1_0.ma_giao_dich,
        tt1_0.nha_cung_cap,
        tt1_0.phuong_thuc,
        tt1_0.so_tien,
        tt1_0.thoi_gian_tao,
        tt1_0.thoi_gian_tt,
        tt1_0.trang_thai_thanh_toan 
    from
        thanh_toan tt1_0 
    where
        tt1_0.trang_thai_thanh_toan=? 
        and tt1_0.thoi_gian_tao<?
Hibernate: 
    select
        pci1_0.id,
        pci1_0.admin_id,
        pci1_0.bien_the_id,
        pci1_0.ngay_tao,
        pci1_0.so_luong 
    from
        pos_cart pci1_0 
    where
        pci1_0.ngay_tao<?
Hibernate: 
    select
        pci1_0.id,
        pci1_0.admin_id,
        pci1_0.bien_the_id,
        pci1_0.ngay_tao,
        pci1_0.so_luong 
    from
        pos_cart pci1_0 
    where
        pci1_0.ngay_tao<?
Hibernate: 
    select
        pci1_0.id,
        pci1_0.admin_id,
        pci1_0.bien_the_id,
        pci1_0.ngay_tao,
        pci1_0.so_luong 
    from
        pos_cart pci1_0 
    where
        pci1_0.ngay_tao<?
Hibernate: 
    select
        pci1_0.id,
        pci1_0.admin_id,
        pci1_0.bien_the_id,
        pci1_0.ngay_tao,
        pci1_0.so_luong 
    from
        pos_cart pci1_0 
    where
        pci1_0.ngay_tao<?
Hibernate: 
    select
        pci1_0.id,
        pci1_0.admin_id,
        pci1_0.bien_the_id,
        pci1_0.ngay_tao,
        pci1_0.so_luong 
    from
        pos_cart pci1_0 
    where
        pci1_0.ngay_tao<?
Hibernate: 
    select
        tt1_0.ma_thanh_toan,
        tt1_0.ma_don_hang,
        tt1_0.ma_giao_dich,
        tt1_0.nha_cung_cap,
        tt1_0.phuong_thuc,
        tt1_0.so_tien,
        tt1_0.thoi_gian_tao,
        tt1_0.thoi_gian_tt,
        tt1_0.trang_thai_thanh_toan 
    from
        thanh_toan tt1_0 
    where
        tt1_0.trang_thai_thanh_toan=? 
        and tt1_0.thoi_gian_tao<?
Hibernate: 
    select
        pci1_0.id,
        pci1_0.admin_id,
        pci1_0.bien_the_id,
        pci1_0.ngay_tao,
        pci1_0.so_luong 
    from
        pos_cart pci1_0 
    where
        pci1_0.ngay_tao<?
Hibernate: 
    select
        pci1_0.id,
        pci1_0.admin_id,
        pci1_0.bien_the_id,
        pci1_0.ngay_tao,
        pci1_0.so_luong 
    from
        pos_cart pci1_0 
    where
        pci1_0.ngay_tao<?
Hibernate: 
    select
        pci1_0.id,
        pci1_0.admin_id,
        pci1_0.bien_the_id,
        pci1_0.ngay_tao,
        pci1_0.so_luong 
    from
        pos_cart pci1_0 
    where
        pci1_0.ngay_tao<?
Hibernate: 
    select
        pci1_0.id,
        pci1_0.admin_id,
        pci1_0.bien_the_id,
        pci1_0.ngay_tao,
        pci1_0.so_luong 
    from
        pos_cart pci1_0 
    where
        pci1_0.ngay_tao<?
Hibernate: 
    select
        pci1_0.id,
        pci1_0.admin_id,
        pci1_0.bien_the_id,
        pci1_0.ngay_tao,
        pci1_0.so_luong 
    from
        pos_cart pci1_0 
    where
        pci1_0.ngay_tao<?
Hibernate: 
    select
        tt1_0.ma_thanh_toan,
        tt1_0.ma_don_hang,
        tt1_0.ma_giao_dich,
        tt1_0.nha_cung_cap,
        tt1_0.phuong_thuc,
        tt1_0.so_tien,
        tt1_0.thoi_gian_tao,
        tt1_0.thoi_gian_tt,
        tt1_0.trang_thai_thanh_toan 
    from
        thanh_toan tt1_0 
    where
        tt1_0.trang_thai_thanh_toan=? 
        and tt1_0.thoi_gian_tao<?
Hibernate: 
    select
        pci1_0.id,
        pci1_0.admin_id,
        pci1_0.bien_the_id,
        pci1_0.ngay_tao,
        pci1_0.so_luong 
    from
        pos_cart pci1_0 
    where
        pci1_0.ngay_tao<?
Hibernate: 
    select
        pci1_0.id,
        pci1_0.admin_id,
        pci1_0.bien_the_id,
        pci1_0.ngay_tao,
        pci1_0.so_luong 
    from
        pos_cart pci1_0 
    where
        pci1_0.ngay_tao<?
Hibernate: 
    select
        pci1_0.id,
        pci1_0.admin_id,
        pci1_0.bien_the_id,
        pci1_0.ngay_tao,
        pci1_0.so_luong 
    from
        pos_cart pci1_0 
    where
        pci1_0.ngay_tao<?
Hibernate: 
    select
        pci1_0.id,
        pci1_0.admin_id,
        pci1_0.bien_the_id,
        pci1_0.ngay_tao,
        pci1_0.so_luong 
    from
        pos_cart pci1_0 
    where
        pci1_0.ngay_tao<?
Hibernate: 
    select
        pci1_0.id,
        pci1_0.admin_id,
        pci1_0.bien_the_id,
        pci1_0.ngay_tao,
        pci1_0.so_luong 
    from
        pos_cart pci1_0 
    where
        pci1_0.ngay_tao<?
Hibernate: 
    select
        tt1_0.ma_thanh_toan,
        tt1_0.ma_don_hang,
        tt1_0.ma_giao_dich,
        tt1_0.nha_cung_cap,
        tt1_0.phuong_thuc,
        tt1_0.so_tien,
        tt1_0.thoi_gian_tao,
        tt1_0.thoi_gian_tt,
        tt1_0.trang_thai_thanh_toan 
    from
        thanh_toan tt1_0 
    where
        tt1_0.trang_thai_thanh_toan=? 
        and tt1_0.thoi_gian_tao<?
Hibernate: 
    select
        pci1_0.id,
        pci1_0.admin_id,
        pci1_0.bien_the_id,
        pci1_0.ngay_tao,
        pci1_0.so_luong 
    from
        pos_cart pci1_0 
    where
        pci1_0.ngay_tao<?
Hibernate: 
    select
        pci1_0.id,
        pci1_0.admin_id,
        pci1_0.bien_the_id,
        pci1_0.ngay_tao,
        pci1_0.so_luong 
    from
        pos_cart pci1_0 
    where
        pci1_0.ngay_tao<?
Hibernate: 
    select
        pci1_0.id,
        pci1_0.admin_id,
        pci1_0.bien_the_id,
        pci1_0.ngay_tao,
        pci1_0.so_luong 
    from
        pos_cart pci1_0 
    where
        pci1_0.ngay_tao<?
Hibernate: 
    select
        pci1_0.id,
        pci1_0.admin_id,
        pci1_0.bien_the_id,
        pci1_0.ngay_tao,
        pci1_0.so_luong 
    from
        pos_cart pci1_0 
    where
        pci1_0.ngay_tao<?
Hibernate: 
    select
        pci1_0.id,
        pci1_0.admin_id,
        pci1_0.bien_the_id,
        pci1_0.ngay_tao,
        pci1_0.so_luong 
    from
        pos_cart pci1_0 
    where
        pci1_0.ngay_tao<?
Hibernate: 
    select
        tt1_0.ma_thanh_toan,
        tt1_0.ma_don_hang,
        tt1_0.ma_giao_dich,
        tt1_0.nha_cung_cap,
        tt1_0.phuong_thuc,
        tt1_0.so_tien,
        tt1_0.thoi_gian_tao,
        tt1_0.thoi_gian_tt,
        tt1_0.trang_thai_thanh_toan 
    from
        thanh_toan tt1_0 
    where
        tt1_0.trang_thai_thanh_toan=? 
        and tt1_0.thoi_gian_tao<?
Hibernate: 
    select
        pci1_0.id,
        pci1_0.admin_id,
        pci1_0.bien_the_id,
        pci1_0.ngay_tao,
        pci1_0.so_luong 
    from
        pos_cart pci1_0 
    where
        pci1_0.ngay_tao<?
Hibernate: 
    select
        pci1_0.id,
        pci1_0.admin_id,
        pci1_0.bien_the_id,
        pci1_0.ngay_tao,
        pci1_0.so_luong 
    from
        pos_cart pci1_0 
    where
        pci1_0.ngay_tao<?
Hibernate: 
    select
        pci1_0.id,
        pci1_0.admin_id,
        pci1_0.bien_the_id,
        pci1_0.ngay_tao,
        pci1_0.so_luong 
    from
        pos_cart pci1_0 
    where
        pci1_0.ngay_tao<?
Hibernate: 
    select
        pci1_0.id,
        pci1_0.admin_id,
        pci1_0.bien_the_id,
        pci1_0.ngay_tao,
        pci1_0.so_luong 
    from
        pos_cart pci1_0 
    where
        pci1_0.ngay_tao<?
Hibernate: 
    select
        pci1_0.id,
        pci1_0.admin_id,
        pci1_0.bien_the_id,
        pci1_0.ngay_tao,
        pci1_0.so_luong 
    from
        pos_cart pci1_0 
    where
        pci1_0.ngay_tao<?
Hibernate: 
    select
        tt1_0.ma_thanh_toan,
        tt1_0.ma_don_hang,
        tt1_0.ma_giao_dich,
        tt1_0.nha_cung_cap,
        tt1_0.phuong_thuc,
        tt1_0.so_tien,
        tt1_0.thoi_gian_tao,
        tt1_0.thoi_gian_tt,
        tt1_0.trang_thai_thanh_toan 
    from
        thanh_toan tt1_0 
    where
        tt1_0.trang_thai_thanh_toan=? 
        and tt1_0.thoi_gian_tao<?
Hibernate: 
    select
        pci1_0.id,
        pci1_0.admin_id,
        pci1_0.bien_the_id,
        pci1_0.ngay_tao,
        pci1_0.so_luong 
    from
        pos_cart pci1_0 
    where
        pci1_0.ngay_tao<?
Hibernate: 
    select
        pci1_0.id,
        pci1_0.admin_id,
        pci1_0.bien_the_id,
        pci1_0.ngay_tao,
        pci1_0.so_luong 
    from
        pos_cart pci1_0 
    where
        pci1_0.ngay_tao<?
Hibernate: 
    select
        pci1_0.id,
        pci1_0.admin_id,
        pci1_0.bien_the_id,
        pci1_0.ngay_tao,
        pci1_0.so_luong 
    from
        pos_cart pci1_0 
    where
        pci1_0.ngay_tao<?
Hibernate: 
    select
        pci1_0.id,
        pci1_0.admin_id,
        pci1_0.bien_the_id,
        pci1_0.ngay_tao,
        pci1_0.so_luong 
    from
        pos_cart pci1_0 
    where
        pci1_0.ngay_tao<?
Hibernate: 
    select
        pci1_0.id,
        pci1_0.admin_id,
        pci1_0.bien_the_id,
        pci1_0.ngay_tao,
        pci1_0.so_luong 
    from
        pos_cart pci1_0 
    where
        pci1_0.ngay_tao<?
Hibernate: 
    select
        tt1_0.ma_thanh_toan,
        tt1_0.ma_don_hang,
        tt1_0.ma_giao_dich,
        tt1_0.nha_cung_cap,
        tt1_0.phuong_thuc,
        tt1_0.so_tien,
        tt1_0.thoi_gian_tao,
        tt1_0.thoi_gian_tt,
        tt1_0.trang_thai_thanh_toan 
    from
        thanh_toan tt1_0 
    where
        tt1_0.trang_thai_thanh_toan=? 
        and tt1_0.thoi_gian_tao<?
Hibernate: 
    select
        pci1_0.id,
        pci1_0.admin_id,
        pci1_0.bien_the_id,
        pci1_0.ngay_tao,
        pci1_0.so_luong 
    from
        pos_cart pci1_0 
    where
        pci1_0.ngay_tao<?
Hibernate: 
    select
        pci1_0.id,
        pci1_0.admin_id,
        pci1_0.bien_the_id,
        pci1_0.ngay_tao,
        pci1_0.so_luong 
    from
        pos_cart pci1_0 
    where
        pci1_0.ngay_tao<?
Hibernate: 
    select
        pci1_0.id,
        pci1_0.admin_id,
        pci1_0.bien_the_id,
        pci1_0.ngay_tao,
        pci1_0.so_luong 
    from
        pos_cart pci1_0 
    where
        pci1_0.ngay_tao<?
Hibernate: 
    select
        pci1_0.id,
        pci1_0.admin_id,
        pci1_0.bien_the_id,
        pci1_0.ngay_tao,
        pci1_0.so_luong 
    from
        pos_cart pci1_0 
    where
        pci1_0.ngay_tao<?
Hibernate: 
    select
        pci1_0.id,
        pci1_0.admin_id,
        pci1_0.bien_the_id,
        pci1_0.ngay_tao,
        pci1_0.so_luong 
    from
        pos_cart pci1_0 
    where
        pci1_0.ngay_tao<?
Hibernate: 
    select
        tt1_0.ma_thanh_toan,
        tt1_0.ma_don_hang,
        tt1_0.ma_giao_dich,
        tt1_0.nha_cung_cap,
        tt1_0.phuong_thuc,
        tt1_0.so_tien,
        tt1_0.thoi_gian_tao,
        tt1_0.thoi_gian_tt,
        tt1_0.trang_thai_thanh_toan 
    from
        thanh_toan tt1_0 
    where
        tt1_0.trang_thai_thanh_toan=? 
        and tt1_0.thoi_gian_tao<?
Hibernate: 
    select
        pci1_0.id,
        pci1_0.admin_id,
        pci1_0.bien_the_id,
        pci1_0.ngay_tao,
        pci1_0.so_luong 
    from
        pos_cart pci1_0 
    where
        pci1_0.ngay_tao<?
Hibernate: 
    select
        pci1_0.id,
        pci1_0.admin_id,
        pci1_0.bien_the_id,
        pci1_0.ngay_tao,
        pci1_0.so_luong 
    from
        pos_cart pci1_0 
    where
        pci1_0.ngay_tao<?
Hibernate: 
    select
        pci1_0.id,
        pci1_0.admin_id,
        pci1_0.bien_the_id,
        pci1_0.ngay_tao,
        pci1_0.so_luong 
    from
        pos_cart pci1_0 
    where
        pci1_0.ngay_tao<?
Hibernate: 
    select
        pci1_0.id,
        pci1_0.admin_id,
        pci1_0.bien_the_id,
        pci1_0.ngay_tao,
        pci1_0.so_luong 
    from
        pos_cart pci1_0 
    where
        pci1_0.ngay_tao<?
Hibernate: 
    select
        pci1_0.id,
        pci1_0.admin_id,
        pci1_0.bien_the_id,
        pci1_0.ngay_tao,
        pci1_0.so_luong 
    from
        pos_cart pci1_0 
    where
        pci1_0.ngay_tao<?
Hibernate: 
    select
        tt1_0.ma_thanh_toan,
        tt1_0.ma_don_hang,
        tt1_0.ma_giao_dich,
        tt1_0.nha_cung_cap,
        tt1_0.phuong_thuc,
        tt1_0.so_tien,
        tt1_0.thoi_gian_tao,
        tt1_0.thoi_gian_tt,
        tt1_0.trang_thai_thanh_toan 
    from
        thanh_toan tt1_0 
    where
        tt1_0.trang_thai_thanh_toan=? 
        and tt1_0.thoi_gian_tao<?
Hibernate: 
    select
        pci1_0.id,
        pci1_0.admin_id,
        pci1_0.bien_the_id,
        pci1_0.ngay_tao,
        pci1_0.so_luong 
    from
        pos_cart pci1_0 
    where
        pci1_0.ngay_tao<?
Hibernate: 
    select
        pci1_0.id,
        pci1_0.admin_id,
        pci1_0.bien_the_id,
        pci1_0.ngay_tao,
        pci1_0.so_luong 
    from
        pos_cart pci1_0 
    where
        pci1_0.ngay_tao<?
Hibernate: 
    select
        pci1_0.id,
        pci1_0.admin_id,
        pci1_0.bien_the_id,
        pci1_0.ngay_tao,
        pci1_0.so_luong 
    from
        pos_cart pci1_0 
    where
        pci1_0.ngay_tao<?
Hibernate: 
    select
        pci1_0.id,
        pci1_0.admin_id,
        pci1_0.bien_the_id,
        pci1_0.ngay_tao,
        pci1_0.so_luong 
    from
        pos_cart pci1_0 
    where
        pci1_0.ngay_tao<?
Hibernate: 
    select
        pci1_0.id,
        pci1_0.admin_id,
        pci1_0.bien_the_id,
        pci1_0.ngay_tao,
        pci1_0.so_luong 
    from
        pos_cart pci1_0 
    where
        pci1_0.ngay_tao<?
Hibernate: 
    select
        tt1_0.ma_thanh_toan,
        tt1_0.ma_don_hang,
        tt1_0.ma_giao_dich,
        tt1_0.nha_cung_cap,
        tt1_0.phuong_thuc,
        tt1_0.so_tien,
        tt1_0.thoi_gian_tao,
        tt1_0.thoi_gian_tt,
        tt1_0.trang_thai_thanh_toan 
    from
        thanh_toan tt1_0 
    where
        tt1_0.trang_thai_thanh_toan=? 
        and tt1_0.thoi_gian_tao<?
Hibernate: 
    select
        pci1_0.id,
        pci1_0.admin_id,
        pci1_0.bien_the_id,
        pci1_0.ngay_tao,
        pci1_0.so_luong 
    from
        pos_cart pci1_0 
    where
        pci1_0.ngay_tao<?
Hibernate: 
    select
        pci1_0.id,
        pci1_0.admin_id,
        pci1_0.bien_the_id,
        pci1_0.ngay_tao,
        pci1_0.so_luong 
    from
        pos_cart pci1_0 
    where
        pci1_0.ngay_tao<?
Hibernate: 
    select
        pci1_0.id,
        pci1_0.admin_id,
        pci1_0.bien_the_id,
        pci1_0.ngay_tao,
        pci1_0.so_luong 
    from
        pos_cart pci1_0 
    where
        pci1_0.ngay_tao<?
Hibernate: 
    select
        pci1_0.id,
        pci1_0.admin_id,
        pci1_0.bien_the_id,
        pci1_0.ngay_tao,
        pci1_0.so_luong 
    from
        pos_cart pci1_0 
    where
        pci1_0.ngay_tao<?
Hibernate: 
    select
        pci1_0.id,
        pci1_0.admin_id,
        pci1_0.bien_the_id,
        pci1_0.ngay_tao,
        pci1_0.so_luong 
    from
        pos_cart pci1_0 
    where
        pci1_0.ngay_tao<?
Hibernate: 
    select
        tt1_0.ma_thanh_toan,
        tt1_0.ma_don_hang,
        tt1_0.ma_giao_dich,
        tt1_0.nha_cung_cap,
        tt1_0.phuong_thuc,
        tt1_0.so_tien,
        tt1_0.thoi_gian_tao,
        tt1_0.thoi_gian_tt,
        tt1_0.trang_thai_thanh_toan 
    from
        thanh_toan tt1_0 
    where
        tt1_0.trang_thai_thanh_toan=? 
        and tt1_0.thoi_gian_tao<?
Hibernate: 
    select
        pci1_0.id,
        pci1_0.admin_id,
        pci1_0.bien_the_id,
        pci1_0.ngay_tao,
        pci1_0.so_luong 
    from
        pos_cart pci1_0 
    where
        pci1_0.ngay_tao<?
Hibernate: 
    select
        pci1_0.id,
        pci1_0.admin_id,
        pci1_0.bien_the_id,
        pci1_0.ngay_tao,
        pci1_0.so_luong 
    from
        pos_cart pci1_0 
    where
        pci1_0.ngay_tao<?
Hibernate: 
    select
        pci1_0.id,
        pci1_0.admin_id,
        pci1_0.bien_the_id,
        pci1_0.ngay_tao,
        pci1_0.so_luong 
    from
        pos_cart pci1_0 
    where
        pci1_0.ngay_tao<?
Hibernate: 
    select
        pci1_0.id,
        pci1_0.admin_id,
        pci1_0.bien_the_id,
        pci1_0.ngay_tao,
        pci1_0.so_luong 
    from
        pos_cart pci1_0 
    where
        pci1_0.ngay_tao<?
Hibernate: 
    select
        pci1_0.id,
        pci1_0.admin_id,
        pci1_0.bien_the_id,
        pci1_0.ngay_tao,
        pci1_0.so_luong 
    from
        pos_cart pci1_0 
    where
        pci1_0.ngay_tao<?
Hibernate: 
    select
        tt1_0.ma_thanh_toan,
        tt1_0.ma_don_hang,
        tt1_0.ma_giao_dich,
        tt1_0.nha_cung_cap,
        tt1_0.phuong_thuc,
        tt1_0.so_tien,
        tt1_0.thoi_gian_tao,
        tt1_0.thoi_gian_tt,
        tt1_0.trang_thai_thanh_toan 
    from
        thanh_toan tt1_0 
    where
        tt1_0.trang_thai_thanh_toan=? 
        and tt1_0.thoi_gian_tao<?
Hibernate: 
    select
        pci1_0.id,
        pci1_0.admin_id,
        pci1_0.bien_the_id,
        pci1_0.ngay_tao,
        pci1_0.so_luong 
    from
        pos_cart pci1_0 
    where
        pci1_0.ngay_tao<?
Hibernate: 
    select
        pci1_0.id,
        pci1_0.admin_id,
        pci1_0.bien_the_id,
        pci1_0.ngay_tao,
        pci1_0.so_luong 
    from
        pos_cart pci1_0 
    where
        pci1_0.ngay_tao<?
Hibernate: 
    select
        pci1_0.id,
        pci1_0.admin_id,
        pci1_0.bien_the_id,
        pci1_0.ngay_tao,
        pci1_0.so_luong 
    from
        pos_cart pci1_0 
    where
        pci1_0.ngay_tao<?
Hibernate: 
    select
        pci1_0.id,
        pci1_0.admin_id,
        pci1_0.bien_the_id,
        pci1_0.ngay_tao,
        pci1_0.so_luong 
    from
        pos_cart pci1_0 
    where
        pci1_0.ngay_tao<?
Hibernate: 
    select
        pci1_0.id,
        pci1_0.admin_id,
        pci1_0.bien_the_id,
        pci1_0.ngay_tao,
        pci1_0.so_luong 
    from
        pos_cart pci1_0 
    where
        pci1_0.ngay_tao<?
Hibernate: 
    select
        tt1_0.ma_thanh_toan,
        tt1_0.ma_don_hang,
        tt1_0.ma_giao_dich,
        tt1_0.nha_cung_cap,
        tt1_0.phuong_thuc,
        tt1_0.so_tien,
        tt1_0.thoi_gian_tao,
        tt1_0.thoi_gian_tt,
        tt1_0.trang_thai_thanh_toan 
    from
        thanh_toan tt1_0 
    where
        tt1_0.trang_thai_thanh_toan=? 
        and tt1_0.thoi_gian_tao<?
Hibernate: 
    select
        pci1_0.id,
        pci1_0.admin_id,
        pci1_0.bien_the_id,
        pci1_0.ngay_tao,
        pci1_0.so_luong 
    from
        pos_cart pci1_0 
    where
        pci1_0.ngay_tao<?
Hibernate: 
    select
        pci1_0.id,
        pci1_0.admin_id,
        pci1_0.bien_the_id,
        pci1_0.ngay_tao,
        pci1_0.so_luong 
    from
        pos_cart pci1_0 
    where
        pci1_0.ngay_tao<?
Hibernate: 
    select
        pci1_0.id,
        pci1_0.admin_id,
        pci1_0.bien_the_id,
        pci1_0.ngay_tao,
        pci1_0.so_luong 
    from
        pos_cart pci1_0 
    where
        pci1_0.ngay_tao<?
Hibernate: 
    select
        pci1_0.id,
        pci1_0.admin_id,
        pci1_0.bien_the_id,
        pci1_0.ngay_tao,
        pci1_0.so_luong 
    from
        pos_cart pci1_0 
    where
        pci1_0.ngay_tao<?
Hibernate: 
    select
        pci1_0.id,
        pci1_0.admin_id,
        pci1_0.bien_the_id,
        pci1_0.ngay_tao,
        pci1_0.so_luong 
    from
        pos_cart pci1_0 
    where
        pci1_0.ngay_tao<?
Hibernate: 
    select
        tt1_0.ma_thanh_toan,
        tt1_0.ma_don_hang,
        tt1_0.ma_giao_dich,
        tt1_0.nha_cung_cap,
        tt1_0.phuong_thuc,
        tt1_0.so_tien,
        tt1_0.thoi_gian_tao,
        tt1_0.thoi_gian_tt,
        tt1_0.trang_thai_thanh_toan 
    from
        thanh_toan tt1_0 
    where
        tt1_0.trang_thai_thanh_toan=? 
        and tt1_0.thoi_gian_tao<?
Hibernate: 
    select
        pci1_0.id,
        pci1_0.admin_id,
        pci1_0.bien_the_id,
        pci1_0.ngay_tao,
        pci1_0.so_luong 
    from
        pos_cart pci1_0 
    where
        pci1_0.ngay_tao<?
Hibernate: 
    select
        pci1_0.id,
        pci1_0.admin_id,
        pci1_0.bien_the_id,
        pci1_0.ngay_tao,
        pci1_0.so_luong 
    from
        pos_cart pci1_0 
    where
        pci1_0.ngay_tao<?
Hibernate: 
    select
        pci1_0.id,
        pci1_0.admin_id,
        pci1_0.bien_the_id,
        pci1_0.ngay_tao,
        pci1_0.so_luong 
    from
        pos_cart pci1_0 
    where
        pci1_0.ngay_tao<?
Hibernate: 
    select
        pci1_0.id,
        pci1_0.admin_id,
        pci1_0.bien_the_id,
        pci1_0.ngay_tao,
        pci1_0.so_luong 
    from
        pos_cart pci1_0 
    where
        pci1_0.ngay_tao<?
Hibernate: 
    select
        pci1_0.id,
        pci1_0.admin_id,
        pci1_0.bien_the_id,
        pci1_0.ngay_tao,
        pci1_0.so_luong 
    from
        pos_cart pci1_0 
    where
        pci1_0.ngay_tao<?
Hibernate: 
    select
        tt1_0.ma_thanh_toan,
        tt1_0.ma_don_hang,
        tt1_0.ma_giao_dich,
        tt1_0.nha_cung_cap,
        tt1_0.phuong_thuc,
        tt1_0.so_tien,
        tt1_0.thoi_gian_tao,
        tt1_0.thoi_gian_tt,
        tt1_0.trang_thai_thanh_toan 
    from
        thanh_toan tt1_0 
    where
        tt1_0.trang_thai_thanh_toan=? 
        and tt1_0.thoi_gian_tao<?
Hibernate: 
    select
        pci1_0.id,
        pci1_0.admin_id,
        pci1_0.bien_the_id,
        pci1_0.ngay_tao,
        pci1_0.so_luong 
    from
        pos_cart pci1_0 
    where
        pci1_0.ngay_tao<?
Hibernate: 
    select
        pci1_0.id,
        pci1_0.admin_id,
        pci1_0.bien_the_id,
        pci1_0.ngay_tao,
        pci1_0.so_luong 
    from
        pos_cart pci1_0 
    where
        pci1_0.ngay_tao<?
Hibernate: 
    select
        pci1_0.id,
        pci1_0.admin_id,
        pci1_0.bien_the_id,
        pci1_0.ngay_tao,
        pci1_0.so_luong 
    from
        pos_cart pci1_0 
    where
        pci1_0.ngay_tao<?
Hibernate: 
    select
        pci1_0.id,
        pci1_0.admin_id,
        pci1_0.bien_the_id,
        pci1_0.ngay_tao,
        pci1_0.so_luong 
    from
        pos_cart pci1_0 
    where
        pci1_0.ngay_tao<?
Hibernate: 
    select
        pci1_0.id,
        pci1_0.admin_id,
        pci1_0.bien_the_id,
        pci1_0.ngay_tao,
        pci1_0.so_luong 
    from
        pos_cart pci1_0 
    where
        pci1_0.ngay_tao<?
Hibernate: 
    select
        tt1_0.ma_thanh_toan,
        tt1_0.ma_don_hang,
        tt1_0.ma_giao_dich,
        tt1_0.nha_cung_cap,
        tt1_0.phuong_thuc,
        tt1_0.so_tien,
        tt1_0.thoi_gian_tao,
        tt1_0.thoi_gian_tt,
        tt1_0.trang_thai_thanh_toan 
    from
        thanh_toan tt1_0 
    where
        tt1_0.trang_thai_thanh_toan=? 
        and tt1_0.thoi_gian_tao<?
Hibernate: 
    select
        pci1_0.id,
        pci1_0.admin_id,
        pci1_0.bien_the_id,
        pci1_0.ngay_tao,
        pci1_0.so_luong 
    from
        pos_cart pci1_0 
    where
        pci1_0.ngay_tao<?
Hibernate: 
    select
        pci1_0.id,
        pci1_0.admin_id,
        pci1_0.bien_the_id,
        pci1_0.ngay_tao,
        pci1_0.so_luong 
    from
        pos_cart pci1_0 
    where
        pci1_0.ngay_tao<?
Hibernate: 
    select
        pci1_0.id,
        pci1_0.admin_id,
        pci1_0.bien_the_id,
        pci1_0.ngay_tao,
        pci1_0.so_luong 
    from
        pos_cart pci1_0 
    where
        pci1_0.ngay_tao<?
Hibernate: 
    select
        pci1_0.id,
        pci1_0.admin_id,
        pci1_0.bien_the_id,
        pci1_0.ngay_tao,
        pci1_0.so_luong 
    from
        pos_cart pci1_0 
    where
        pci1_0.ngay_tao<?
Hibernate: 
    select
        pci1_0.id,
        pci1_0.admin_id,
        pci1_0.bien_the_id,
        pci1_0.ngay_tao,
        pci1_0.so_luong 
    from
        pos_cart pci1_0 
    where
        pci1_0.ngay_tao<?
Hibernate: 
    select
        tt1_0.ma_thanh_toan,
        tt1_0.ma_don_hang,
        tt1_0.ma_giao_dich,
        tt1_0.nha_cung_cap,
        tt1_0.phuong_thuc,
        tt1_0.so_tien,
        tt1_0.thoi_gian_tao,
        tt1_0.thoi_gian_tt,
        tt1_0.trang_thai_thanh_toan 
    from
        thanh_toan tt1_0 
    where
        tt1_0.trang_thai_thanh_toan=? 
        and tt1_0.thoi_gian_tao<?
Hibernate: 
    select
        pci1_0.id,
        pci1_0.admin_id,
        pci1_0.bien_the_id,
        pci1_0.ngay_tao,
        pci1_0.so_luong 
    from
        pos_cart pci1_0 
    where
        pci1_0.ngay_tao<?
Hibernate: 
    select
        pci1_0.id,
        pci1_0.admin_id,
        pci1_0.bien_the_id,
        pci1_0.ngay_tao,
        pci1_0.so_luong 
    from
        pos_cart pci1_0 
    where
        pci1_0.ngay_tao<?
Hibernate: 
    select
        pci1_0.id,
        pci1_0.admin_id,
        pci1_0.bien_the_id,
        pci1_0.ngay_tao,
        pci1_0.so_luong 
    from
        pos_cart pci1_0 
    where
        pci1_0.ngay_tao<?
Hibernate: 
    select
        pci1_0.id,
        pci1_0.admin_id,
        pci1_0.bien_the_id,
        pci1_0.ngay_tao,
        pci1_0.so_luong 
    from
        pos_cart pci1_0 
    where
        pci1_0.ngay_tao<?
