
  .   ____          _            __ _ _
 /\\ / ___'_ __ _ _(_)_ __  __ _ \ \ \ \
( ( )\___ | '_ | '_| | '_ \/ _` | \ \ \ \
 \\/  ___)| |_)| | | | | || (_| |  ) ) ) )
  '  |____| .__|_| |_|_| |_\__, | / / / /
 =========|_|==============|___/=/_/_/_/

 :: Spring Boot ::                (v4.0.6)

2026-06-08T23:03:56.822+07:00  INFO 8816 --- [ZestStore] [           main] c.e.zeststore.ZestStoreApplication       : Starting ZestStoreApplication v0.0.1-SNAPSHOT using Java 22.0.2 with PID 8816 (D:\ZEST_Store\ZestStore\target\ZestStore-0.0.1-SNAPSHOT.jar started by DELL in c:\Windows\System32\DriverStore\FileRepository\ntprint.inf_amd64_30ee9bce0745a8e2\Amd64)
2026-06-08T23:03:56.913+07:00  INFO 8816 --- [ZestStore] [           main] c.e.zeststore.ZestStoreApplication       : No active profile set, falling back to 1 default profile: "default"
2026-06-08T23:04:09.528+07:00  INFO 8816 --- [ZestStore] [           main] .s.d.r.c.RepositoryConfigurationDelegate : Bootstrapping Spring Data JPA repositories in DEFAULT mode.
2026-06-08T23:04:10.714+07:00  INFO 8816 --- [ZestStore] [           main] .s.d.r.c.RepositoryConfigurationDelegate : Finished Spring Data repository scanning in 1087 ms. Found 23 JPA repository interfaces.
2026-06-08T23:04:21.025+07:00  INFO 8816 --- [ZestStore] [           main] o.s.boot.tomcat.TomcatWebServer          : Tomcat initialized with port 8080 (http)
2026-06-08T23:04:21.112+07:00  INFO 8816 --- [ZestStore] [           main] o.apache.catalina.core.StandardService   : Starting service [Tomcat]
2026-06-08T23:04:21.113+07:00  INFO 8816 --- [ZestStore] [           main] o.apache.catalina.core.StandardEngine    : Starting Servlet engine: [Apache Tomcat/11.0.21]
2026-06-08T23:04:21.262+07:00  INFO 8816 --- [ZestStore] [           main] b.w.c.s.WebApplicationContextInitializer : Root WebApplicationContext: initialization completed in 23468 ms
2026-06-08T23:04:24.384+07:00  INFO 8816 --- [ZestStore] [           main] org.hibernate.orm.jpa                    : HHH008540: Processing PersistenceUnitInfo [name: default]
2026-06-08T23:04:24.686+07:00  INFO 8816 --- [ZestStore] [           main] org.hibernate.orm.core                   : HHH000001: Hibernate ORM core version 7.2.12.Final
2026-06-08T23:04:30.840+07:00  INFO 8816 --- [ZestStore] [           main] o.s.o.j.p.SpringPersistenceUnitInfo      : No LoadTimeWeaver setup: ignoring JPA class transformer
2026-06-08T23:04:31.852+07:00  INFO 8816 --- [ZestStore] [           main] com.zaxxer.hikari.HikariDataSource       : HikariPool-1 - Starting...
^C